2022-10-06 10:35:49.3264 INFO Entering the Login Controller.  LoginAPI Method   Arguments:: {"username":"faisal_hameed","password":"F@nkar!1234"}
2022-10-06 10:35:50.6189 INFO Exit the Login Controller.  LoginAPI Method(Success)
2022-10-06 10:35:50.9556 INFO Entering the Projects Controller.  GetProjectsList Method   Arguments:: null
2022-10-06 10:35:50.9556 INFO Entering the Notification Controller.  NotificationCount Method   Arguments:: {"UserId":"14"}
2022-10-06 10:35:50.9556 INFO Entering the Notification Controller.  GetunReadNotification Method   Arguments:: {"UserId":"14"}
2022-10-06 10:35:51.1056 INFO Exit the Projects Controller.  GetProjectsList Method(Success)  
2022-10-06 10:35:51.1116 INFO Entering the User Controller.  GetUserProfile Method   Arguments:: {"UserID":0,"DepartID":0}
2022-10-06 10:35:51.1641 INFO Exit the Notification Controller.  NotificationCount Method(Success) 
2022-10-06 10:35:51.2140 INFO Exit the Notification Controller.  GetunReadNotification Method(Success)   
2022-10-06 10:35:51.2290 INFO Entering the DashBoard Controller.  GetDashBoardStats Method   Arguments:: {"RequestStartDate":null,"RequestEndDate":null,"ProjectID":-1,"ManagementCheck":false}
2022-10-06 10:35:51.2579 INFO Entering the ResourceMapping Controller.  GetResourceMappingList Method   Arguments::null
2022-10-06 10:35:51.2579 INFO Entering the Reports Controller.  GetAssignments Method   Arguments:: {"LoggedInUserId":-1,"ProjectId":-1,"SubTaskID":-1,"MainTaskID":-1,"FromDate":"2022-09-26T05:35:50.809Z","ToDate":null,"IsApproved":null,"ClientID":0,"DepartmentID":0}
2022-10-06 10:35:51.3917 INFO Exit the User Controller.  GetUserProfile Method(Success)  
2022-10-06 10:35:51.4946 INFO Exit the ResourceMapping Controller.  GetResourceMappingList Method(Success)  
2022-10-06 10:35:51.5086 INFO Exit the Reports Controller.  GetAssignments Method(Success)  
2022-10-06 10:35:51.6082 INFO Exit the DashBoard Controller.  GetDashBoardStats Method(Success)   
2022-10-06 10:35:54.9294 INFO Entering the Projects Controller.  GetProjectsList Method   Arguments:: null
2022-10-06 10:35:54.9294 INFO Entering the Reports Controller.  GetAssignments Method   Arguments:: {"LoggedInUserId":-1,"ProjectId":-1,"SubTaskID":-1,"MainTaskID":-1,"FromDate":"2022-09-26T05:35:54.847Z","ToDate":null,"IsApproved":null,"ClientID":0,"DepartmentID":0}
2022-10-06 10:35:54.9833 INFO Exit the Projects Controller.  GetProjectsList Method(Success)  
2022-10-06 10:35:55.0381 INFO Exit the Reports Controller.  GetAssignments Method(Success)  
2022-10-06 10:36:08.5933 INFO Entering the MainTask Controller.  GetMainTasks Method   Arguments:: null
2022-10-06 10:36:08.5953 INFO Entering the User Controller.  GetUserProfile Method   Arguments:: {"UserID":0,"DepartID":0}
2022-10-06 10:36:08.5953 INFO Entering the Projects Controller.  GetProjects Method   Arguments:: {"ProjectName":""}
2022-10-06 10:36:08.5953 INFO Entering the Reports Controller.  GetAssignments Method   Arguments:: {"LoggedInUserId":-1,"ProjectId":-1,"SubTaskID":-1,"MainTaskID":-1,"FromDate":"2022-09-26T05:36:08.478Z","ToDate":null,"IsApproved":null,"ClientID":0,"DepartmentID":-1}
2022-10-06 10:36:08.6594 INFO Exit the User Controller.  GetUserProfile Method(Success)  
2022-10-06 10:36:08.6815 INFO Entering the Department Controller.  GetDepartments Method
2022-10-06 10:36:08.7393 INFO Entering the Client Controller.  GetClientList Method   Arguments:: {"ID":0,"ClientName":"","ClientEmail":"","ContactNumber":"","Address":"","Website_URL":"","Facebooklink":"","Twitter":"","instagramlink":"","Active":false}
2022-10-06 10:36:08.8938 INFO Entering the Reports Controller.  GetTotalHoursForTasks Method   Arguments:: {"LoggedInUserId":0,"ProjectId":0,"TaskName":"","TaskOwnerId":0,"FromDate":"2022-09-26T05:36:08.455Z","ToDate":"2022-10-06T05:36:08.455Z","taskTypePrefixes":null,"IsApproved":null,"MainTaskID":0,"ClientID":0,"SubTaskID":0,"DepartmentID":-1}
2022-10-06 10:36:08.9387 INFO Exit the MainTask Controller.  GetMainTasks Method(Success)  
2022-10-06 10:36:08.9902 INFO Exit the Client Controller.  GetClientList Method(Success)   
2022-10-06 10:36:08.9902 INFO Exit the Department Controller.  GetDepartments Method(Success)  
2022-10-06 10:36:09.0620 INFO Exit the Projects Controller.  GetProjects Method(Success) 
2022-10-06 10:36:09.2974 INFO Exit the Reports Controller.  GetTotalHoursForTasks Method(Success)  
2022-10-06 10:36:09.9826 INFO Exit the Reports Controller.  GetAssignments Method(Success)  
2022-10-06 10:40:41.6615 INFO Entering the Reports Controller.  GetAssignments Method   Arguments:: {"LoggedInUserId":-1,"ProjectId":-1,"SubTaskID":-1,"MainTaskID":-1,"FromDate":"2022-09-26T05:40:41.444Z","ToDate":null,"IsApproved":null,"ClientID":0,"DepartmentID":-1}
2022-10-06 10:40:41.6615 INFO Entering the Projects Controller.  GetProjects Method   Arguments:: {"ProjectName":""}
2022-10-06 10:40:41.6615 INFO Entering the Client Controller.  GetClientList Method   Arguments:: {"ID":0,"ClientName":"","ClientEmail":"","ContactNumber":"","Address":"","Website_URL":"","Facebooklink":"","Twitter":"","instagramlink":"","Active":false}
2022-10-06 10:40:41.6854 INFO Entering the User Controller.  GetUserProfile Method   Arguments:: {"UserID":0,"DepartID":0}
2022-10-06 10:40:41.7632 INFO Entering the MainTask Controller.  GetMainTasks Method   Arguments:: null
2022-10-06 10:40:41.7692 INFO Exit the Client Controller.  GetClientList Method(Success)   
2022-10-06 10:40:41.8201 INFO Entering the Reports Controller.  GetTotalHoursForTasks Method   Arguments:: {"LoggedInUserId":0,"ProjectId":0,"TaskName":"","TaskOwnerId":0,"FromDate":"2022-09-26T05:40:41.403Z","ToDate":"2022-10-06T05:40:41.403Z","taskTypePrefixes":null,"IsApproved":null,"MainTaskID":0,"ClientID":0,"SubTaskID":0,"DepartmentID":-1}
2022-10-06 10:40:41.8360 INFO Exit the User Controller.  GetUserProfile Method(Success)  
2022-10-06 10:40:41.9357 INFO Entering the Department Controller.  GetDepartments Method
2022-10-06 10:40:42.0006 INFO Exit the Projects Controller.  GetProjects Method(Success) 
2022-10-06 10:40:42.0006 INFO Entering the ResourceMapping Controller.  GetResourceMappingList Method   Arguments::null
2022-10-06 10:40:42.1392 INFO Exit the Department Controller.  GetDepartments Method(Success)  
2022-10-06 10:40:42.2669 INFO Entering the Notification Controller.  GetunReadNotification Method   Arguments:: {"UserId":"14"}
2022-10-06 10:40:42.2669 INFO Exit the MainTask Controller.  GetMainTasks Method(Success)  
2022-10-06 10:40:42.3167 INFO Entering the Notification Controller.  NotificationCount Method   Arguments:: {"UserId":"14"}
2022-10-06 10:40:42.3167 INFO Exit the Reports Controller.  GetTotalHoursForTasks Method(Success)  
2022-10-06 10:40:42.3776 INFO Exit the ResourceMapping Controller.  GetResourceMappingList Method(Success)  
2022-10-06 10:40:42.4115 INFO Entering the User Controller.  GetUserProfile Method   Arguments:: {"UserID":0,"DepartID":0}
2022-10-06 10:40:42.4115 INFO Entering the Reports Controller.  GetAssignments Method   Arguments:: {"LoggedInUserId":-1,"ProjectId":-1,"SubTaskID":-1,"MainTaskID":-1,"FromDate":"2022-09-26T05:40:41.45Z","ToDate":null,"IsApproved":null,"ClientID":0,"DepartmentID":0}
2022-10-06 10:40:42.4733 INFO Exit the Notification Controller.  GetunReadNotification Method(Success)   
2022-10-06 10:40:42.5322 INFO Entering the Projects Controller.  GetProjectsList Method   Arguments:: null
2022-10-06 10:40:42.7037 INFO Exit the User Controller.  GetUserProfile Method(Success)  
2022-10-06 10:40:42.7037 INFO Exit the Projects Controller.  GetProjectsList Method(Success)  
2022-10-06 10:40:42.7037 INFO Exit the Notification Controller.  NotificationCount Method(Success) 
2022-10-06 10:40:42.8443 INFO Exit the Reports Controller.  GetAssignments Method(Success)  
2022-10-06 10:40:43.4537 INFO Exit the Reports Controller.  GetAssignments Method(Success)  
2022-10-06 10:41:09.1765 INFO Entering the DashBoard Controller.  GetDashBoardStats Method   Arguments:: {"RequestStartDate":null,"RequestEndDate":null,"ProjectID":-1,"ManagementCheck":false}
2022-10-06 10:41:09.1765 INFO Entering the Reports Controller.  GetAssignments Method   Arguments:: {"LoggedInUserId":-1,"ProjectId":-1,"SubTaskID":-1,"MainTaskID":-1,"FromDate":"2022-09-26T05:41:08.973Z","ToDate":null,"IsApproved":null,"ClientID":0,"DepartmentID":0}
2022-10-06 10:41:09.1934 INFO Entering the User Controller.  GetUserProfile Method   Arguments:: {"UserID":0,"DepartID":0}
2022-10-06 10:41:09.2193 INFO Entering the Projects Controller.  GetProjectsList Method   Arguments:: null
2022-10-06 10:41:09.2193 INFO Entering the ResourceMapping Controller.  GetResourceMappingList Method   Arguments::null
2022-10-06 10:41:09.3490 INFO Entering the Notification Controller.  NotificationCount Method   Arguments:: {"UserId":"14"}
2022-10-06 10:41:09.3989 INFO Exit the Projects Controller.  GetProjectsList Method(Success)  
2022-10-06 10:41:09.4487 INFO Exit the Reports Controller.  GetAssignments Method(Success)  
2022-10-06 10:41:09.4567 INFO Exit the User Controller.  GetUserProfile Method(Success)  
2022-10-06 10:41:09.5146 INFO Entering the Notification Controller.  GetunReadNotification Method   Arguments:: {"UserId":"14"}
2022-10-06 10:41:09.5175 INFO Exit the ResourceMapping Controller.  GetResourceMappingList Method(Success)  
2022-10-06 10:41:09.5834 INFO Exit the Notification Controller.  NotificationCount Method(Success) 
2022-10-06 10:41:09.6801 INFO Exit the Notification Controller.  GetunReadNotification Method(Success)   
2022-10-06 10:41:09.6801 INFO Exit the DashBoard Controller.  GetDashBoardStats Method(Success)   
