2022-07-01 17:17:02.8256 INFO Entering the Projects Controller.  GetProjectsList Method   Arguments:: null
2022-07-01 17:17:02.8256 INFO Entering the ResourceMapping Controller.  GetResourceMappingList Method   Arguments::null
2022-07-01 17:17:02.8256 INFO Entering the MainTask Controller.  GetMainTasks Method   Arguments:: null
2022-07-01 17:17:02.8486 INFO Entering the User Controller.  GetUserProfile Method   Arguments:: {"UserID":0}
2022-07-01 17:17:02.8765 INFO Entering the Projects Controller.  GetProjects Method   Arguments:: {"ProjectName":""}
2022-07-01 17:17:02.8765 INFO Entering the Reports Controller.  GetAssignments Method   Arguments:: {"LoggedInUserId":-1,"ProjectId":-1,"SubTaskID":-1,"MainTaskID":-1,"FromDate":"2022-06-21T12:17:02.481Z","ToDate":null,"IsApproved":null}
2022-07-01 17:17:03.9564 INFO Exit the ResourceMapping Controller.  GetResourceMappingList Method(Success)  
2022-07-01 17:17:03.9564 INFO Exit the Projects Controller.  GetProjectsList Method(Success)  
2022-07-01 17:17:03.9564 INFO Exit the MainTask Controller.  GetMainTasks Method(Success)  
2022-07-01 17:17:03.9564 INFO Exit the User Controller.  GetUserProfile Method(Success)  
2022-07-01 17:17:03.9564 INFO Exit the Projects Controller.  GetProjects Method(Success) 
2022-07-01 17:17:04.0014 INFO Entering the Notification Controller.  GetunReadNotification Method   Arguments:: {"UserId":"14"}
2022-07-01 17:17:04.0014 INFO Entering the Notification Controller.  NotificationCount Method   Arguments:: {"UserId":"14"}
2022-07-01 17:17:04.0134 INFO Entering the User Controller.  GetUserProfile Method   Arguments:: {"UserID":0}
2022-07-01 17:17:04.0264 INFO Exit the User Controller.  GetUserProfile Method(Success)  
2022-07-01 17:17:04.1281 INFO Exit the Notification Controller.  NotificationCount Method(Success) 
2022-07-01 17:17:04.1281 INFO Exit the Notification Controller.  GetunReadNotification Method(Success)   
2022-07-01 17:17:04.2499 INFO Exit the Reports Controller.  GetAssignments Method(Success)  
2022-07-01 17:17:11.2256 INFO Entering the Reports Controller.  GetAssignments Method   Arguments:: {"LoggedInUserId":-1,"ProjectId":2154,"SubTaskID":0,"MainTaskID":0,"FromDate":"2022-06-21T12:17:02.444Z","ToDate":"2022-07-01T12:17:02.444Z","IsApproved":null}
2022-07-01 17:17:11.2409 INFO Exit the Reports Controller.  GetAssignments Method(Success)  
2022-07-01 17:19:34.1806 INFO Entering the Reports Controller.  GetAssignments Method   Arguments:: {"LoggedInUserId":-1,"ProjectId":-1,"SubTaskID":-1,"MainTaskID":-1,"FromDate":"2022-06-21T12:19:34.115Z","ToDate":null,"IsApproved":null}
2022-07-01 17:19:34.1816 INFO Entering the Projects Controller.  GetProjects Method   Arguments:: {"ProjectName":""}
2022-07-01 17:19:34.1816 INFO Entering the User Controller.  GetUserProfile Method   Arguments:: {"UserID":0}
2022-07-01 17:19:34.2055 INFO Entering the Projects Controller.  GetProjectsList Method   Arguments:: null
2022-07-01 17:19:34.2055 INFO Entering the ResourceMapping Controller.  GetResourceMappingList Method   Arguments::null
2022-07-01 17:19:34.2145 INFO Entering the MainTask Controller.  GetMainTasks Method   Arguments:: null
2022-07-01 17:19:34.2713 INFO Exit the Projects Controller.  GetProjectsList Method(Success)  
2022-07-01 17:19:34.2793 INFO Entering the User Controller.  GetUserProfile Method   Arguments:: {"UserID":0}
2022-07-01 17:19:34.2923 INFO Exit the MainTask Controller.  GetMainTasks Method(Success)  
2022-07-01 17:19:34.2923 INFO Entering the Notification Controller.  NotificationCount Method   Arguments:: {"UserId":"14"}
2022-07-01 17:19:34.3152 INFO Exit the Projects Controller.  GetProjects Method(Success) 
2022-07-01 17:19:34.3152 INFO Entering the Notification Controller.  GetunReadNotification Method   Arguments:: {"UserId":"14"}
2022-07-01 17:19:34.3589 INFO Exit the User Controller.  GetUserProfile Method(Success)  
2022-07-01 17:19:34.3589 INFO Exit the User Controller.  GetUserProfile Method(Success)  
2022-07-01 17:19:34.3809 INFO Exit the ResourceMapping Controller.  GetResourceMappingList Method(Success)  
2022-07-01 17:19:34.4323 INFO Exit the Notification Controller.  GetunReadNotification Method(Success)   
2022-07-01 17:19:34.4323 INFO Exit the Notification Controller.  NotificationCount Method(Success) 
2022-07-01 17:19:34.6432 INFO Exit the Reports Controller.  GetAssignments Method(Success)  
2022-07-01 17:19:38.5736 INFO Entering the MainTask Controller.  GetMainTaskMappedList Method   Arguments:: null
2022-07-01 17:19:38.5736 INFO Entering the SubTasks Controller.  GetSubTaskList Method   Arguments:: {"projectID":2154,"maintaskID":1}
2022-07-01 17:19:38.6317 INFO Exit the MainTask Controller.  GetMainTaskMappedList Method(Success)  
2022-07-01 17:19:38.6417 INFO Exit the SubTasks Controller.  GetSubTaskList Method(Success)  
2022-07-01 17:19:43.6632 INFO Entering the Reports Controller.  SaveAssignemntToDb Method   Arguments:: {"ID":48565,"ProjectID":2154,"TASKID":2520626,"UserID":16,"AssignmentDateTime":"06/30/2022","ActualDuration":null,"CommentText":"1. Sm post design\n2. Sm post animation review and discussion\n3. Content discussion and social platform covers etc","BillableHours":"0","IsBillableApproved":0,"UserIDBillable":0,"IsActualApproved":0,"UserIDActual":0,"MainTaskID":1}
2022-07-01 17:19:43.8667 INFO Exit the Reports Controller.  SaveAssignemntToDb Method(Success)  
2022-07-01 17:19:44.6794 INFO Entering the MainTask Controller.  GetMainTasks Method   Arguments:: null
2022-07-01 17:19:44.6834 INFO Entering the Reports Controller.  GetAssignments Method   Arguments:: {"LoggedInUserId":-1,"ProjectId":-1,"SubTaskID":0,"MainTaskID":0,"FromDate":"2022-06-21T12:19:34.078Z","ToDate":"2022-07-01T12:19:34.078Z","IsApproved":null}
2022-07-01 17:19:44.6834 INFO Exit the MainTask Controller.  GetMainTasks Method(Success)  
2022-07-01 17:19:44.7083 INFO Exit the Reports Controller.  GetAssignments Method(Success)  
2022-07-01 17:19:48.4721 INFO Entering the MainTask Controller.  GetMainTasks Method   Arguments:: null
2022-07-01 17:19:48.4841 INFO Exit the MainTask Controller.  GetMainTasks Method(Success)  
2022-07-01 17:19:53.0874 INFO Entering the Reports Controller.  GetAssignments Method   Arguments:: {"LoggedInUserId":-1,"ProjectId":2154,"SubTaskID":0,"MainTaskID":0,"FromDate":"2022-06-21T12:19:34.078Z","ToDate":"2022-07-01T12:19:34.078Z","IsApproved":null}
2022-07-01 17:19:53.0874 INFO Exit the Reports Controller.  GetAssignments Method(Success)  
2022-07-01 17:25:34.8903 INFO Entering the Login Controller.  LoginAPI Method   Arguments:: {"username":"faisal_hameed","password":"F@nkar!1234"}
2022-07-01 17:25:35.7983 INFO Exit the Login Controller.  LoginAPI Method(Success)
2022-07-01 17:25:35.9786 INFO Entering the Projects Controller.  GetProjectsList Method   Arguments:: null
2022-07-01 17:25:35.9786 INFO Entering the Notification Controller.  GetunReadNotification Method   Arguments:: {"UserId":"14"}
2022-07-01 17:25:35.9786 INFO Entering the Notification Controller.  NotificationCount Method   Arguments:: {"UserId":"14"}
2022-07-01 17:25:35.9786 INFO Entering the ResourceMapping Controller.  GetResourceMappingList Method   Arguments::null
2022-07-01 17:25:36.0015 INFO Entering the Projects Controller.  GetProjectsLazyLoading Method   Arguments:: {"page":1,"recsPerPage":20}
2022-07-01 17:25:36.0264 INFO Entering the DashBoard Controller.  GetDashBoardStats Method   Arguments:: {"RequestStartDate":null,"RequestEndDate":null,"ProjectID":-1,"ManagementCheck":false}
2022-07-01 17:25:36.0264 INFO Exit the ResourceMapping Controller.  GetResourceMappingList Method(Success)  
2022-07-01 17:25:36.0514 INFO Exit the Projects Controller.  GetProjectsList Method(Success)  
2022-07-01 17:25:36.0514 INFO Exit the Projects Controller.  GetProjectsLazyLoading Method(Success) 
2022-07-01 17:25:36.0643 INFO Exit the Notification Controller.  NotificationCount Method(Success) 
2022-07-01 17:25:36.0643 INFO Exit the Notification Controller.  GetunReadNotification Method(Success)   
2022-07-01 17:25:36.0783 INFO Entering the User Controller.  GetUserProfile Method   Arguments:: {"UserID":0}
2022-07-01 17:25:36.1122 INFO Exit the User Controller.  GetUserProfile Method(Success)  
2022-07-01 17:25:36.3511 INFO Exit the DashBoard Controller.  GetDashBoardStats Method(Success)   
2022-07-01 17:25:39.9361 INFO Entering the Client Controller.  GetClientList Method   Arguments:: {"ID":0,"ClientName":"","ClientEmail":"","ContactNumber":"","Address":"","Website_URL":"","Facebooklink":"","Twitter":"","instagramlink":"","Active":false}
2022-07-01 17:25:39.9973 INFO Exit the Client Controller.  GetClientList Method(Success)   
2022-07-01 17:25:45.1865 INFO Entering the Projects Controller.  GetProjectsLazyLoading Method   Arguments:: {"page":1,"recsPerPage":20}
2022-07-01 17:25:45.1865 INFO Entering the DashBoard Controller.  GetDashBoardStats Method   Arguments:: {"RequestStartDate":null,"RequestEndDate":null,"ProjectID":-1,"ManagementCheck":false}
2022-07-01 17:25:45.2938 INFO Exit the Projects Controller.  GetProjectsLazyLoading Method(Success) 
2022-07-01 17:25:45.4699 INFO Exit the DashBoard Controller.  GetDashBoardStats Method(Success)   
2022-07-01 17:25:46.6405 INFO Entering the User Controller.  GetUserProfile Method   Arguments:: {"UserID":0}
2022-07-01 17:25:46.6405 INFO Entering the Projects Controller.  GetProjects Method   Arguments:: {"ProjectName":""}
2022-07-01 17:25:46.6512 INFO Entering the MainTask Controller.  GetMainTasks Method   Arguments:: null
2022-07-01 17:25:46.6512 INFO Exit the User Controller.  GetUserProfile Method(Success)  
2022-07-01 17:25:46.6732 INFO Entering the Reports Controller.  GetAssignments Method   Arguments:: {"LoggedInUserId":-1,"ProjectId":-1,"SubTaskID":-1,"MainTaskID":-1,"FromDate":"2022-06-21T12:25:46.608Z","ToDate":null,"IsApproved":null}
2022-07-01 17:25:46.6971 INFO Exit the Projects Controller.  GetProjects Method(Success) 
2022-07-01 17:25:46.7331 INFO Exit the MainTask Controller.  GetMainTasks Method(Success)  
2022-07-01 17:25:46.9281 INFO Exit the Reports Controller.  GetAssignments Method(Success)  
2022-07-01 17:26:51.5307 INFO Entering the Reports Controller.  GetAssignments Method   Arguments:: {"LoggedInUserId":-1,"ProjectId":-1,"SubTaskID":-1,"MainTaskID":-1,"FromDate":"2022-06-21T12:26:51.425Z","ToDate":null,"IsApproved":null}
2022-07-01 17:26:51.9202 INFO Exit the Reports Controller.  GetAssignments Method(Success)  
2022-07-01 17:28:29.2590 INFO Entering the Reports Controller.  GetAssignments Method   Arguments:: {"LoggedInUserId":-1,"ProjectId":-1,"SubTaskID":-1,"MainTaskID":-1,"FromDate":"2022-06-21T12:28:29.198Z","ToDate":null,"IsApproved":null}
2022-07-01 17:28:29.2699 INFO Entering the User Controller.  GetUserProfile Method   Arguments:: {"UserID":0}
2022-07-01 17:28:29.2699 INFO Entering the Projects Controller.  GetProjects Method   Arguments:: {"ProjectName":""}
2022-07-01 17:28:29.2699 INFO Entering the MainTask Controller.  GetMainTasks Method   Arguments:: null
2022-07-01 17:28:29.2779 INFO Entering the ResourceMapping Controller.  GetResourceMappingList Method   Arguments::null
2022-07-01 17:28:29.2779 INFO Entering the User Controller.  GetUserProfile Method   Arguments:: {"UserID":0}
2022-07-01 17:28:29.3866 INFO Exit the User Controller.  GetUserProfile Method(Success)  
2022-07-01 17:28:29.3866 INFO Exit the User Controller.  GetUserProfile Method(Success)  
2022-07-01 17:28:29.3866 INFO Exit the MainTask Controller.  GetMainTasks Method(Success)  
2022-07-01 17:28:29.3866 INFO Entering the Projects Controller.  GetProjectsList Method   Arguments:: null
2022-07-01 17:28:29.3866 INFO Entering the Notification Controller.  NotificationCount Method   Arguments:: {"UserId":"14"}
2022-07-01 17:28:29.4036 INFO Exit the ResourceMapping Controller.  GetResourceMappingList Method(Success)  
2022-07-01 17:28:29.4036 INFO Entering the Notification Controller.  GetunReadNotification Method   Arguments:: {"UserId":"14"}
2022-07-01 17:28:29.4514 INFO Exit the Projects Controller.  GetProjects Method(Success) 
2022-07-01 17:28:29.4654 INFO Exit the Notification Controller.  GetunReadNotification Method(Success)   
2022-07-01 17:28:29.4654 INFO Exit the Notification Controller.  NotificationCount Method(Success) 
2022-07-01 17:28:29.4784 INFO Exit the Projects Controller.  GetProjectsList Method(Success)  
2022-07-01 17:28:29.5631 INFO Exit the Reports Controller.  GetAssignments Method(Success)  
2022-07-01 17:28:46.4072 INFO Entering the Reports Controller.  GetAssignments Method   Arguments:: {"LoggedInUserId":-1,"ProjectId":-1,"SubTaskID":-1,"MainTaskID":-1,"FromDate":"2022-06-21T12:28:46.34Z","ToDate":null,"IsApproved":null}
2022-07-01 17:28:46.4260 INFO Exit the Reports Controller.  GetAssignments Method(Success)  
2022-07-01 17:28:47.3107 INFO Entering the Reports Controller.  GetAssignments Method   Arguments:: {"LoggedInUserId":-1,"ProjectId":-1,"SubTaskID":-1,"MainTaskID":-1,"FromDate":"2022-06-21T12:28:47.237Z","ToDate":null,"IsApproved":null}
2022-07-01 17:28:47.3290 INFO Exit the Reports Controller.  GetAssignments Method(Success)  
2022-07-01 17:28:47.9100 INFO Entering the Reports Controller.  GetAssignments Method   Arguments:: {"LoggedInUserId":-1,"ProjectId":-1,"SubTaskID":-1,"MainTaskID":-1,"FromDate":"2022-06-21T12:28:47.844Z","ToDate":null,"IsApproved":null}
2022-07-01 17:28:47.9278 INFO Exit the Reports Controller.  GetAssignments Method(Success)  
2022-07-01 17:28:48.4733 INFO Entering the Reports Controller.  GetAssignments Method   Arguments:: {"LoggedInUserId":-1,"ProjectId":-1,"SubTaskID":-1,"MainTaskID":-1,"FromDate":"2022-06-21T12:28:48.424Z","ToDate":null,"IsApproved":null}
2022-07-01 17:28:48.4893 INFO Exit the Reports Controller.  GetAssignments Method(Success)  
2022-07-01 17:32:02.9386 INFO Entering the Reports Controller.  GetAssignments Method   Arguments:: {"LoggedInUserId":-1,"ProjectId":-1,"SubTaskID":-1,"MainTaskID":-1,"FromDate":"2022-06-21T12:32:02.875Z","ToDate":null,"IsApproved":null}
2022-07-01 17:32:02.9566 INFO Entering the Projects Controller.  GetProjects Method   Arguments:: {"ProjectName":""}
2022-07-01 17:32:02.9646 INFO Entering the ResourceMapping Controller.  GetResourceMappingList Method   Arguments::null
2022-07-01 17:32:02.9646 INFO Entering the MainTask Controller.  GetMainTasks Method   Arguments:: null
2022-07-01 17:32:02.9646 INFO Entering the User Controller.  GetUserProfile Method   Arguments:: {"UserID":0}
2022-07-01 17:32:02.9646 INFO Entering the Projects Controller.  GetProjectsList Method   Arguments:: null
2022-07-01 17:32:03.4250 INFO Exit the MainTask Controller.  GetMainTasks Method(Success)  
2022-07-01 17:32:03.4330 INFO Entering the User Controller.  GetUserProfile Method   Arguments:: {"UserID":0}
2022-07-01 17:32:03.4330 INFO Exit the User Controller.  GetUserProfile Method(Success)  
2022-07-01 17:32:03.4330 INFO Exit the Projects Controller.  GetProjectsList Method(Success)  
2022-07-01 17:32:03.4480 INFO Exit the User Controller.  GetUserProfile Method(Success)  
2022-07-01 17:32:03.4480 INFO Entering the Notification Controller.  NotificationCount Method   Arguments:: {"UserId":"14"}
2022-07-01 17:32:03.4480 INFO Entering the Notification Controller.  GetunReadNotification Method   Arguments:: {"UserId":"14"}
2022-07-01 17:32:03.4480 INFO Exit the ResourceMapping Controller.  GetResourceMappingList Method(Success)  
2022-07-01 17:32:03.4659 INFO Exit the Projects Controller.  GetProjects Method(Success) 
2022-07-01 17:32:03.5090 INFO Exit the Notification Controller.  NotificationCount Method(Success) 
2022-07-01 17:32:03.5150 INFO Exit the Reports Controller.  GetAssignments Method(Success)  
2022-07-01 17:32:03.5150 INFO Exit the Notification Controller.  GetunReadNotification Method(Success)   
2022-07-01 17:32:12.1972 INFO Entering the Reports Controller.  GetAssignments Method   Arguments:: {"LoggedInUserId":-1,"ProjectId":-1,"SubTaskID":-1,"MainTaskID":-1,"FromDate":"2022-06-21T12:32:12.136Z","ToDate":null,"IsApproved":null}
2022-07-01 17:32:12.2132 INFO Exit the Reports Controller.  GetAssignments Method(Success)  
2022-07-01 17:32:13.9712 INFO Entering the Reports Controller.  GetAssignments Method   Arguments:: {"LoggedInUserId":-1,"ProjectId":-1,"SubTaskID":-1,"MainTaskID":-1,"FromDate":"2022-06-21T12:32:13.911Z","ToDate":null,"IsApproved":null}
2022-07-01 17:32:13.9891 INFO Exit the Reports Controller.  GetAssignments Method(Success)  
2022-07-01 17:32:14.6222 INFO Entering the Reports Controller.  GetAssignments Method   Arguments:: {"LoggedInUserId":-1,"ProjectId":-1,"SubTaskID":-1,"MainTaskID":-1,"FromDate":"2022-06-21T12:32:14.568Z","ToDate":null,"IsApproved":null}
2022-07-01 17:32:14.6397 INFO Exit the Reports Controller.  GetAssignments Method(Success)  
2022-07-01 17:32:15.0521 INFO Entering the Reports Controller.  GetAssignments Method   Arguments:: {"LoggedInUserId":-1,"ProjectId":-1,"SubTaskID":-1,"MainTaskID":-1,"FromDate":"2022-06-21T12:32:14.999Z","ToDate":null,"IsApproved":null}
2022-07-01 17:32:15.0698 INFO Exit the Reports Controller.  GetAssignments Method(Success)  
2022-07-01 17:32:43.7456 INFO Entering the Reports Controller.  GetAssignments Method   Arguments:: {"LoggedInUserId":-1,"ProjectId":-1,"SubTaskID":-1,"MainTaskID":-1,"FromDate":"2022-06-21T12:32:43.684Z","ToDate":null,"IsApproved":null}
2022-07-01 17:32:43.7636 INFO Entering the Projects Controller.  GetProjectsList Method   Arguments:: null
2022-07-01 17:32:43.7636 INFO Entering the Projects Controller.  GetProjects Method   Arguments:: {"ProjectName":""}
2022-07-01 17:32:43.7636 INFO Entering the ResourceMapping Controller.  GetResourceMappingList Method   Arguments::null
2022-07-01 17:32:43.7875 INFO Entering the MainTask Controller.  GetMainTasks Method   Arguments:: null
2022-07-01 17:32:43.8055 INFO Entering the User Controller.  GetUserProfile Method   Arguments:: {"UserID":0}
2022-07-01 17:32:43.8734 INFO Exit the ResourceMapping Controller.  GetResourceMappingList Method(Success)  
2022-07-01 17:32:43.8734 INFO Exit the User Controller.  GetUserProfile Method(Success)  
2022-07-01 17:32:43.8938 INFO Entering the User Controller.  GetUserProfile Method   Arguments:: {"UserID":0}
2022-07-01 17:32:43.9088 INFO Entering the Notification Controller.  NotificationCount Method   Arguments:: {"UserId":"14"}
2022-07-01 17:32:43.9088 INFO Exit the MainTask Controller.  GetMainTasks Method(Success)  
2022-07-01 17:32:43.9088 INFO Exit the Projects Controller.  GetProjectsList Method(Success)  
2022-07-01 17:32:43.9188 INFO Exit the User Controller.  GetUserProfile Method(Success)  
2022-07-01 17:32:43.9317 INFO Entering the Notification Controller.  GetunReadNotification Method   Arguments:: {"UserId":"14"}
2022-07-01 17:32:43.9317 INFO Exit the Reports Controller.  GetAssignments Method(Success)  
2022-07-01 17:32:43.9597 INFO Exit the Projects Controller.  GetProjects Method(Success) 
2022-07-01 17:32:43.9656 INFO Exit the Notification Controller.  GetunReadNotification Method(Success)   
2022-07-01 17:32:43.9656 INFO Exit the Notification Controller.  NotificationCount Method(Success) 
2022-07-01 17:32:48.9604 INFO Entering the Reports Controller.  GetAssignments Method   Arguments:: {"LoggedInUserId":-1,"ProjectId":-1,"SubTaskID":-1,"MainTaskID":-1,"FromDate":"2022-06-21T12:32:48.896Z","ToDate":null,"IsApproved":null}
2022-07-01 17:32:48.9774 INFO Exit the Reports Controller.  GetAssignments Method(Success)  
2022-07-01 17:32:56.9241 INFO Entering the Reports Controller.  GetAssignments Method   Arguments:: {"LoggedInUserId":-1,"ProjectId":2154,"SubTaskID":0,"MainTaskID":0,"FromDate":"2022-06-13T00:00:00","ToDate":"2022-07-01T12:32:48.936Z","IsApproved":null}
2022-07-01 17:32:57.0101 INFO Exit the Reports Controller.  GetAssignments Method(Success)  
2022-07-01 17:32:59.2475 INFO Entering the Reports Controller.  GetAssignments Method   Arguments:: {"LoggedInUserId":-1,"ProjectId":-1,"SubTaskID":-1,"MainTaskID":-1,"FromDate":"2022-06-21T12:32:59.183Z","ToDate":null,"IsApproved":null}
2022-07-01 17:32:59.2665 INFO Exit the Reports Controller.  GetAssignments Method(Success)  
2022-07-01 17:33:00.2682 INFO Entering the Reports Controller.  GetAssignments Method   Arguments:: {"LoggedInUserId":-1,"ProjectId":-1,"SubTaskID":-1,"MainTaskID":-1,"FromDate":"2022-06-21T12:33:00.215Z","ToDate":null,"IsApproved":null}
2022-07-01 17:33:00.2871 INFO Exit the Reports Controller.  GetAssignments Method(Success)  
2022-07-01 17:33:01.0770 INFO Entering the Reports Controller.  GetAssignments Method   Arguments:: {"LoggedInUserId":-1,"ProjectId":-1,"SubTaskID":-1,"MainTaskID":-1,"FromDate":"2022-06-21T12:33:01.024Z","ToDate":null,"IsApproved":null}
2022-07-01 17:33:01.0939 INFO Exit the Reports Controller.  GetAssignments Method(Success)  
2022-07-01 17:33:13.0251 INFO Entering the Reports Controller.  GetAssignments Method   Arguments:: {"LoggedInUserId":-1,"ProjectId":2126,"SubTaskID":0,"MainTaskID":0,"FromDate":"2022-06-06T00:00:00","ToDate":"2022-07-01T12:33:01.058Z","IsApproved":null}
2022-07-01 17:33:13.0819 INFO Exit the Reports Controller.  GetAssignments Method(Success)  
2022-07-01 17:33:14.9927 INFO Entering the Reports Controller.  GetAssignments Method   Arguments:: {"LoggedInUserId":-1,"ProjectId":-1,"SubTaskID":-1,"MainTaskID":-1,"FromDate":"2022-06-21T12:33:14.944Z","ToDate":null,"IsApproved":null}
2022-07-01 17:33:15.0106 INFO Exit the Reports Controller.  GetAssignments Method(Success)  
2022-07-01 17:33:22.3142 INFO Entering the Reports Controller.  GetAssignments Method   Arguments:: {"LoggedInUserId":51,"ProjectId":-1,"SubTaskID":0,"MainTaskID":0,"FromDate":"2022-06-21T12:33:14.944Z","ToDate":"2022-07-01T12:33:14.975Z","IsApproved":null}
2022-07-01 17:33:22.5621 INFO Exit the Reports Controller.  GetAssignments Method(Success)  
2022-07-01 17:33:24.0000 INFO Entering the Reports Controller.  GetAssignments Method   Arguments:: {"LoggedInUserId":51,"ProjectId":-1,"SubTaskID":-1,"MainTaskID":-1,"FromDate":"2022-06-21T12:33:23.951Z","ToDate":null,"IsApproved":null}
2022-07-01 17:33:24.0260 INFO Exit the Reports Controller.  GetAssignments Method(Success)  
2022-07-01 17:33:25.0951 INFO Entering the Reports Controller.  GetAssignments Method   Arguments:: {"LoggedInUserId":-1,"ProjectId":-1,"SubTaskID":-1,"MainTaskID":-1,"FromDate":"2022-06-21T12:33:25.047Z","ToDate":null,"IsApproved":null}
2022-07-01 17:33:25.1230 INFO Exit the Reports Controller.  GetAssignments Method(Success)  
2022-07-01 17:37:33.5564 INFO Entering the Reports Controller.  GetAssignments Method   Arguments:: {"LoggedInUserId":-1,"ProjectId":-1,"SubTaskID":-1,"MainTaskID":-1,"FromDate":"2022-06-21T12:37:33.481Z","ToDate":null,"IsApproved":null}
2022-07-01 17:37:33.5564 INFO Entering the User Controller.  GetUserProfile Method   Arguments:: {"UserID":0}
2022-07-01 17:37:33.5564 INFO Entering the User Controller.  GetUserProfile Method   Arguments:: {"UserID":0}
2022-07-01 17:37:33.5873 INFO Entering the Projects Controller.  GetProjects Method   Arguments:: {"ProjectName":""}
2022-07-01 17:37:33.5873 INFO Entering the MainTask Controller.  GetMainTasks Method   Arguments:: null
2022-07-01 17:37:33.6202 INFO Entering the Projects Controller.  GetProjectsList Method   Arguments:: null
2022-07-01 17:37:33.6202 INFO Exit the Reports Controller.  GetAssignments Method(Success)  
2022-07-01 17:37:33.6352 INFO Entering the ResourceMapping Controller.  GetResourceMappingList Method   Arguments::null
2022-07-01 17:37:33.6352 INFO Exit the MainTask Controller.  GetMainTasks Method(Success)  
2022-07-01 17:37:33.6352 INFO Exit the User Controller.  GetUserProfile Method(Success)  
2022-07-01 17:37:33.6352 INFO Exit the User Controller.  GetUserProfile Method(Success)  
2022-07-01 17:37:33.6532 INFO Entering the Notification Controller.  NotificationCount Method   Arguments:: {"UserId":"14"}
2022-07-01 17:37:33.6532 INFO Entering the Notification Controller.  GetunReadNotification Method   Arguments:: {"UserId":"14"}
2022-07-01 17:37:33.6701 INFO Exit the ResourceMapping Controller.  GetResourceMappingList Method(Success)  
2022-07-01 17:37:33.6701 INFO Exit the Projects Controller.  GetProjectsList Method(Success)  
2022-07-01 17:37:33.7090 INFO Exit the Projects Controller.  GetProjects Method(Success) 
2022-07-01 17:37:33.7090 INFO Exit the Notification Controller.  GetunReadNotification Method(Success)   
2022-07-01 17:37:33.7090 INFO Exit the Notification Controller.  NotificationCount Method(Success) 
2022-07-01 17:37:40.9612 INFO Entering the Reports Controller.  GetAssignments Method   Arguments:: {"LoggedInUserId":-1,"ProjectId":-1,"SubTaskID":-1,"MainTaskID":-1,"FromDate":"2022-06-21T12:37:40.79Z","ToDate":null,"IsApproved":null}
2022-07-01 17:37:40.9612 INFO Entering the MainTask Controller.  GetMainTasks Method   Arguments:: null
2022-07-01 17:37:40.9652 INFO Entering the Projects Controller.  GetProjects Method   Arguments:: {"ProjectName":""}
2022-07-01 17:37:40.9652 INFO Entering the User Controller.  GetUserProfile Method   Arguments:: {"UserID":0}
2022-07-01 17:37:40.9811 INFO Entering the Projects Controller.  GetProjectsList Method   Arguments:: null
2022-07-01 17:37:40.9811 INFO Entering the ResourceMapping Controller.  GetResourceMappingList Method   Arguments::null
2022-07-01 17:37:40.9971 INFO Exit the ResourceMapping Controller.  GetResourceMappingList Method(Success)  
2022-07-01 17:37:40.9971 INFO Entering the User Controller.  GetUserProfile Method   Arguments:: {"UserID":0}
2022-07-01 17:37:41.0180 INFO Exit the MainTask Controller.  GetMainTasks Method(Success)  
2022-07-01 17:37:41.0180 INFO Exit the User Controller.  GetUserProfile Method(Success)  
2022-07-01 17:37:41.0749 INFO Entering the Notification Controller.  NotificationCount Method   Arguments:: {"UserId":"14"}
2022-07-01 17:37:41.0749 INFO Entering the Notification Controller.  GetunReadNotification Method   Arguments:: {"UserId":"14"}
2022-07-01 17:37:41.0919 INFO Exit the User Controller.  GetUserProfile Method(Success)  
2022-07-01 17:37:41.1158 INFO Exit the Notification Controller.  NotificationCount Method(Success) 
2022-07-01 17:37:41.1158 INFO Exit the Projects Controller.  GetProjects Method(Success) 
2022-07-01 17:37:41.1158 INFO Exit the Projects Controller.  GetProjectsList Method(Success)  
2022-07-01 17:37:41.1198 INFO Exit the Reports Controller.  GetAssignments Method(Success)  
2022-07-01 17:37:41.1198 INFO Exit the Notification Controller.  GetunReadNotification Method(Success)   
2022-07-01 17:38:39.6469 INFO Entering the Reports Controller.  GetAssignments Method   Arguments:: {"LoggedInUserId":-1,"ProjectId":-1,"SubTaskID":-1,"MainTaskID":-1,"FromDate":"2022-06-21T12:38:39.581Z","ToDate":null,"IsApproved":null}
2022-07-01 17:38:39.6548 INFO Entering the User Controller.  GetUserProfile Method   Arguments:: {"UserID":0}
2022-07-01 17:38:39.6548 INFO Entering the Projects Controller.  GetProjectsList Method   Arguments:: null
2022-07-01 17:38:39.6548 INFO Entering the Projects Controller.  GetProjects Method   Arguments:: {"ProjectName":""}
2022-07-01 17:38:39.6698 INFO Entering the ResourceMapping Controller.  GetResourceMappingList Method   Arguments::null
2022-07-01 17:38:39.6698 INFO Entering the MainTask Controller.  GetMainTasks Method   Arguments:: null
2022-07-01 17:38:39.7047 INFO Exit the ResourceMapping Controller.  GetResourceMappingList Method(Success)  
2022-07-01 17:38:39.7167 INFO Exit the User Controller.  GetUserProfile Method(Success)  
2022-07-01 17:38:39.7336 INFO Entering the User Controller.  GetUserProfile Method   Arguments:: {"UserID":0}
2022-07-01 17:38:39.7336 INFO Exit the Projects Controller.  GetProjectsList Method(Success)  
2022-07-01 17:38:39.7466 INFO Entering the Notification Controller.  NotificationCount Method   Arguments:: {"UserId":"14"}
2022-07-01 17:38:39.7466 INFO Exit the MainTask Controller.  GetMainTasks Method(Success)  
2022-07-01 17:38:39.7466 INFO Exit the User Controller.  GetUserProfile Method(Success)  
2022-07-01 17:38:39.7675 INFO Exit the Notification Controller.  NotificationCount Method(Success) 
2022-07-01 17:38:39.7675 INFO Entering the Notification Controller.  GetunReadNotification Method   Arguments:: {"UserId":"14"}
2022-07-01 17:38:39.7775 INFO Exit the Projects Controller.  GetProjects Method(Success) 
2022-07-01 17:38:39.7775 INFO Exit the Notification Controller.  GetunReadNotification Method(Success)   
2022-07-01 17:38:39.8125 INFO Exit the Reports Controller.  GetAssignments Method(Success)  
2022-07-01 17:40:16.2017 INFO Entering the Reports Controller.  GetAssignments Method   Arguments:: {"LoggedInUserId":51,"ProjectId":-1,"SubTaskID":0,"MainTaskID":0,"FromDate":"2022-06-21T12:38:39.545Z","ToDate":"2022-07-01T12:38:39.545Z","IsApproved":null}
2022-07-01 17:40:16.5098 INFO Exit the Reports Controller.  GetAssignments Method(Success)  
2022-07-01 17:40:17.9043 INFO Entering the Reports Controller.  GetAssignments Method   Arguments:: {"LoggedInUserId":51,"ProjectId":-1,"SubTaskID":-1,"MainTaskID":-1,"FromDate":"2022-06-21T12:40:17.844Z","ToDate":null,"IsApproved":null}
2022-07-01 17:40:17.9372 INFO Exit the Reports Controller.  GetAssignments Method(Success)  
2022-07-01 17:40:18.8137 INFO Entering the Reports Controller.  GetAssignments Method   Arguments:: {"LoggedInUserId":-1,"ProjectId":-1,"SubTaskID":-1,"MainTaskID":-1,"FromDate":"2022-06-21T12:40:18.756Z","ToDate":null,"IsApproved":null}
2022-07-01 17:40:18.9497 INFO Exit the Reports Controller.  GetAssignments Method(Success)  
2022-07-01 17:41:17.9586 INFO Entering the Reports Controller.  GetAssignments Method   Arguments:: {"LoggedInUserId":-1,"ProjectId":-1,"SubTaskID":-1,"MainTaskID":-1,"FromDate":"2022-06-21T12:41:17.89Z","ToDate":null,"IsApproved":null}
2022-07-01 17:41:17.9686 INFO Entering the MainTask Controller.  GetMainTasks Method   Arguments:: null
2022-07-01 17:41:17.9686 INFO Entering the Projects Controller.  GetProjects Method   Arguments:: {"ProjectName":""}
2022-07-01 17:41:17.9856 INFO Entering the ResourceMapping Controller.  GetResourceMappingList Method   Arguments::null
2022-07-01 17:41:17.9856 INFO Entering the User Controller.  GetUserProfile Method   Arguments:: {"UserID":0}
2022-07-01 17:41:17.9856 INFO Entering the User Controller.  GetUserProfile Method   Arguments:: {"UserID":0}
2022-07-01 17:41:18.0594 INFO Exit the ResourceMapping Controller.  GetResourceMappingList Method(Success)  
2022-07-01 17:41:18.0594 INFO Exit the MainTask Controller.  GetMainTasks Method(Success)  
2022-07-01 17:41:18.0594 INFO Exit the User Controller.  GetUserProfile Method(Success)  
2022-07-01 17:41:18.0594 INFO Exit the User Controller.  GetUserProfile Method(Success)  
2022-07-01 17:41:18.0794 INFO Entering the Projects Controller.  GetProjectsList Method   Arguments:: null
2022-07-01 17:41:18.0794 INFO Entering the Notification Controller.  NotificationCount Method   Arguments:: {"UserId":"14"}
2022-07-01 17:41:18.0794 INFO Entering the Notification Controller.  GetunReadNotification Method   Arguments:: {"UserId":"14"}
2022-07-01 17:41:18.1093 INFO Exit the Notification Controller.  GetunReadNotification Method(Success)   
2022-07-01 17:41:18.1093 INFO Exit the Projects Controller.  GetProjects Method(Success) 
2022-07-01 17:41:18.1093 INFO Exit the Notification Controller.  NotificationCount Method(Success) 
2022-07-01 17:41:18.1093 INFO Exit the Projects Controller.  GetProjectsList Method(Success)  
2022-07-01 17:41:18.1971 INFO Exit the Reports Controller.  GetAssignments Method(Success)  
2022-07-01 17:41:36.5375 INFO Entering the Reports Controller.  GetAssignments Method   Arguments:: {"LoggedInUserId":51,"ProjectId":-1,"SubTaskID":0,"MainTaskID":0,"FromDate":"2022-06-21T12:41:17.858Z","ToDate":"2022-07-01T12:41:17.858Z","IsApproved":null}
2022-07-01 17:41:36.5525 INFO Exit the Reports Controller.  GetAssignments Method(Success)  
2022-07-01 17:42:00.7959 INFO Entering the Reports Controller.  GetAssignments Method   Arguments:: {"LoggedInUserId":51,"ProjectId":-1,"SubTaskID":-1,"MainTaskID":-1,"FromDate":"2022-06-21T12:41:37.422Z","ToDate":null,"IsApproved":null}
2022-07-01 17:42:00.8099 INFO Exit the Reports Controller.  GetAssignments Method(Success)  
2022-07-01 17:42:19.3871 INFO Entering the Reports Controller.  GetAssignments Method   Arguments:: {"LoggedInUserId":-1,"ProjectId":-1,"SubTaskID":-1,"MainTaskID":-1,"FromDate":"2022-06-21T12:42:02.573Z","ToDate":null,"IsApproved":null}
2022-07-01 17:42:19.4595 INFO Exit the Reports Controller.  GetAssignments Method(Success)  
2022-07-01 17:42:30.2060 INFO Entering the Reports Controller.  GetAssignments Method   Arguments:: {"LoggedInUserId":51,"ProjectId":-1,"SubTaskID":0,"MainTaskID":0,"FromDate":"2022-06-21T12:42:02.573Z","ToDate":"2022-07-01T12:42:06.698Z","IsApproved":null}
2022-07-01 17:42:30.2180 INFO Exit the Reports Controller.  GetAssignments Method(Success)  
2022-07-01 17:42:34.0855 INFO Entering the Reports Controller.  GetAssignments Method   Arguments:: {"LoggedInUserId":51,"ProjectId":-1,"SubTaskID":-1,"MainTaskID":-1,"FromDate":"2022-06-21T12:42:32.66Z","ToDate":null,"IsApproved":null}
2022-07-01 17:42:34.0995 INFO Exit the Reports Controller.  GetAssignments Method(Success)  
2022-07-01 17:42:37.5129 INFO Entering the Reports Controller.  GetAssignments Method   Arguments:: {"LoggedInUserId":-1,"ProjectId":-1,"SubTaskID":0,"MainTaskID":0,"FromDate":"2022-06-21T12:42:32.66Z","ToDate":"2022-07-01T12:42:34.022Z","IsApproved":null}
2022-07-01 17:42:37.5298 INFO Exit the Reports Controller.  GetAssignments Method(Success)  
2022-07-01 17:44:24.1185 INFO Entering the Reports Controller.  GetAssignments Method   Arguments:: {"LoggedInUserId":-1,"ProjectId":-1,"SubTaskID":-1,"MainTaskID":-1,"FromDate":"2022-06-21T12:44:24.014Z","ToDate":null,"IsApproved":null}
2022-07-01 17:44:24.1215 INFO Entering the Projects Controller.  GetProjects Method   Arguments:: {"ProjectName":""}
2022-07-01 17:44:24.1215 INFO Entering the Projects Controller.  GetProjectsList Method   Arguments:: null
2022-07-01 17:44:24.1494 INFO Entering the User Controller.  GetUserProfile Method   Arguments:: {"UserID":0}
2022-07-01 17:44:24.1514 INFO Entering the MainTask Controller.  GetMainTasks Method   Arguments:: null
2022-07-01 17:44:24.1514 INFO Entering the ResourceMapping Controller.  GetResourceMappingList Method   Arguments::null
2022-07-01 17:44:24.2182 INFO Exit the ResourceMapping Controller.  GetResourceMappingList Method(Success)  
2022-07-01 17:44:24.2182 INFO Exit the MainTask Controller.  GetMainTasks Method(Success)  
2022-07-01 17:44:24.2182 INFO Exit the User Controller.  GetUserProfile Method(Success)  
2022-07-01 17:44:24.2282 INFO Exit the Reports Controller.  GetAssignments Method(Success)  
2022-07-01 17:44:24.2282 INFO Exit the Projects Controller.  GetProjects Method(Success) 
2022-07-01 17:44:24.2492 INFO Exit the Projects Controller.  GetProjectsList Method(Success)  
2022-07-01 17:44:24.2492 INFO Entering the Notification Controller.  NotificationCount Method   Arguments:: {"UserId":"14"}
2022-07-01 17:44:24.2492 INFO Entering the Notification Controller.  GetunReadNotification Method   Arguments:: {"UserId":"14"}
2022-07-01 17:44:24.2492 INFO Entering the User Controller.  GetUserProfile Method   Arguments:: {"UserID":0}
2022-07-01 17:44:24.2891 INFO Exit the User Controller.  GetUserProfile Method(Success)  
2022-07-01 17:44:24.3080 INFO Exit the Notification Controller.  GetunReadNotification Method(Success)   
2022-07-01 17:44:24.3080 INFO Exit the Notification Controller.  NotificationCount Method(Success) 
2022-07-01 17:44:49.3594 INFO Entering the Reports Controller.  GetAssignments Method   Arguments:: {"LoggedInUserId":-1,"ProjectId":-1,"SubTaskID":-1,"MainTaskID":-1,"FromDate":"2022-06-21T12:44:49.279Z","ToDate":null,"IsApproved":null}
2022-07-01 17:44:49.3594 INFO Entering the Projects Controller.  GetProjects Method   Arguments:: {"ProjectName":""}
2022-07-01 17:44:49.3594 INFO Entering the MainTask Controller.  GetMainTasks Method   Arguments:: null
2022-07-01 17:44:49.3963 INFO Entering the Projects Controller.  GetProjectsList Method   Arguments:: null
2022-07-01 17:44:49.3963 INFO Entering the User Controller.  GetUserProfile Method   Arguments:: {"UserID":0}
2022-07-01 17:44:49.4154 INFO Entering the ResourceMapping Controller.  GetResourceMappingList Method   Arguments::null
2022-07-01 17:44:49.4224 INFO Exit the Projects Controller.  GetProjectsList Method(Success)  
2022-07-01 17:44:49.4224 INFO Exit the User Controller.  GetUserProfile Method(Success)  
2022-07-01 17:44:49.4453 INFO Entering the User Controller.  GetUserProfile Method   Arguments:: {"UserID":0}
2022-07-01 17:44:49.4473 INFO Entering the Notification Controller.  NotificationCount Method   Arguments:: {"UserId":"14"}
2022-07-01 17:44:49.4473 INFO Exit the Reports Controller.  GetAssignments Method(Success)  
2022-07-01 17:44:49.4473 INFO Exit the ResourceMapping Controller.  GetResourceMappingList Method(Success)  
2022-07-01 17:44:49.4733 INFO Entering the Notification Controller.  GetunReadNotification Method   Arguments:: {"UserId":"14"}
2022-07-01 17:44:49.4733 INFO Exit the MainTask Controller.  GetMainTasks Method(Success)  
2022-07-01 17:44:49.4733 INFO Exit the Notification Controller.  NotificationCount Method(Success) 
2022-07-01 17:44:49.4902 INFO Exit the User Controller.  GetUserProfile Method(Success)  
2022-07-01 17:44:49.4902 INFO Exit the Notification Controller.  GetunReadNotification Method(Success)   
2022-07-01 17:44:49.4952 INFO Exit the Projects Controller.  GetProjects Method(Success) 
2022-07-01 17:44:56.6848 INFO Entering the Reports Controller.  GetAssignments Method   Arguments:: {"LoggedInUserId":51,"ProjectId":-1,"SubTaskID":0,"MainTaskID":0,"FromDate":"2022-06-21T12:44:49.238Z","ToDate":"2022-07-01T12:44:49.238Z","IsApproved":null}
2022-07-01 17:44:56.6998 INFO Exit the Reports Controller.  GetAssignments Method(Success)  
2022-07-01 17:45:07.8021 INFO Entering the Reports Controller.  GetAssignments Method   Arguments:: {"LoggedInUserId":51,"ProjectId":-1,"SubTaskID":-1,"MainTaskID":-1,"FromDate":"2022-06-21T12:45:03.092Z","ToDate":null,"IsApproved":null}
2022-07-01 17:45:07.8190 INFO Exit the Reports Controller.  GetAssignments Method(Success)  
2022-07-01 17:45:12.7603 INFO Entering the Reports Controller.  GetAssignments Method   Arguments:: {"LoggedInUserId":-1,"ProjectId":-1,"SubTaskID":-1,"MainTaskID":-1,"FromDate":"2022-06-21T12:45:10.396Z","ToDate":null,"IsApproved":null}
2022-07-01 17:45:12.7793 INFO Exit the Reports Controller.  GetAssignments Method(Success)  
2022-07-01 17:45:49.2407 INFO Entering the Reports Controller.  GetAssignments Method   Arguments:: {"LoggedInUserId":-1,"ProjectId":-1,"SubTaskID":-1,"MainTaskID":-1,"FromDate":"2022-06-21T12:45:49.162Z","ToDate":null,"IsApproved":null}
2022-07-01 17:45:49.2447 INFO Entering the Projects Controller.  GetProjects Method   Arguments:: {"ProjectName":""}
2022-07-01 17:45:49.2447 INFO Entering the MainTask Controller.  GetMainTasks Method   Arguments:: null
2022-07-01 17:45:49.2447 INFO Entering the Projects Controller.  GetProjectsList Method   Arguments:: null
2022-07-01 17:45:49.2697 INFO Entering the User Controller.  GetUserProfile Method   Arguments:: {"UserID":0}
2022-07-01 17:45:49.2796 INFO Entering the ResourceMapping Controller.  GetResourceMappingList Method   Arguments::null
2022-07-01 17:45:49.2986 INFO Exit the MainTask Controller.  GetMainTasks Method(Success)  
2022-07-01 17:45:49.3075 INFO Exit the User Controller.  GetUserProfile Method(Success)  
2022-07-01 17:45:49.3255 INFO Exit the Projects Controller.  GetProjectsList Method(Success)  
2022-07-01 17:45:49.3255 INFO Entering the Notification Controller.  NotificationCount Method   Arguments:: {"UserId":"14"}
2022-07-01 17:45:49.3255 INFO Exit the ResourceMapping Controller.  GetResourceMappingList Method(Success)  
2022-07-01 17:45:49.3434 INFO Exit the Reports Controller.  GetAssignments Method(Success)  
2022-07-01 17:45:49.3434 INFO Entering the Notification Controller.  GetunReadNotification Method   Arguments:: {"UserId":"14"}
2022-07-01 17:45:49.3584 INFO Exit the Notification Controller.  NotificationCount Method(Success) 
2022-07-01 17:45:49.3584 INFO Entering the User Controller.  GetUserProfile Method   Arguments:: {"UserID":0}
2022-07-01 17:45:49.3853 INFO Exit the User Controller.  GetUserProfile Method(Success)  
2022-07-01 17:45:49.3853 INFO Exit the Notification Controller.  GetunReadNotification Method(Success)   
2022-07-01 17:45:49.3853 INFO Exit the Projects Controller.  GetProjects Method(Success) 
2022-07-01 17:45:55.0351 INFO Entering the Reports Controller.  GetAssignments Method   Arguments:: {"LoggedInUserId":51,"ProjectId":-1,"SubTaskID":0,"MainTaskID":0,"FromDate":"2022-06-21T12:45:49.116Z","ToDate":"2022-07-01T12:45:49.116Z","IsApproved":null}
2022-07-01 17:45:55.0490 INFO Exit the Reports Controller.  GetAssignments Method(Success)  
2022-07-01 17:45:56.6349 INFO Entering the Reports Controller.  GetAssignments Method   Arguments:: {"LoggedInUserId":51,"ProjectId":-1,"SubTaskID":-1,"MainTaskID":-1,"FromDate":"2022-06-21T12:45:56.58Z","ToDate":null,"IsApproved":null}
2022-07-01 17:45:56.6349 INFO Exit the Reports Controller.  GetAssignments Method(Success)  
2022-07-01 17:45:58.3292 INFO Entering the Reports Controller.  GetAssignments Method   Arguments:: {"LoggedInUserId":0,"ProjectId":-1,"SubTaskID":-1,"MainTaskID":-1,"FromDate":"2022-06-21T12:45:58.276Z","ToDate":null,"IsApproved":null}
2022-07-01 17:45:58.3411 INFO Exit the Reports Controller.  GetAssignments Method(Success)  
2022-07-01 17:46:04.7274 INFO Entering the Reports Controller.  GetAssignments Method   Arguments:: {"LoggedInUserId":-1,"ProjectId":-1,"SubTaskID":-1,"MainTaskID":-1,"FromDate":"2022-06-21T12:46:04.659Z","ToDate":null,"IsApproved":null}
2022-07-01 17:46:04.7393 INFO Entering the MainTask Controller.  GetMainTasks Method   Arguments:: null
2022-07-01 17:46:04.7393 INFO Entering the User Controller.  GetUserProfile Method   Arguments:: {"UserID":0}
2022-07-01 17:46:04.7393 INFO Entering the Projects Controller.  GetProjectsList Method   Arguments:: null
2022-07-01 17:46:04.7393 INFO Entering the ResourceMapping Controller.  GetResourceMappingList Method   Arguments::null
2022-07-01 17:46:04.7393 INFO Entering the Projects Controller.  GetProjects Method   Arguments:: {"ProjectName":""}
2022-07-01 17:46:04.7762 INFO Exit the ResourceMapping Controller.  GetResourceMappingList Method(Success)  
2022-07-01 17:46:04.7762 INFO Exit the User Controller.  GetUserProfile Method(Success)  
2022-07-01 17:46:04.8062 INFO Exit the Projects Controller.  GetProjects Method(Success) 
2022-07-01 17:46:04.8062 INFO Entering the Notification Controller.  NotificationCount Method   Arguments:: {"UserId":"14"}
2022-07-01 17:46:04.8062 INFO Entering the User Controller.  GetUserProfile Method   Arguments:: {"UserID":0}
2022-07-01 17:46:04.8062 INFO Entering the Notification Controller.  GetunReadNotification Method   Arguments:: {"UserId":"14"}
2022-07-01 17:46:04.8281 INFO Exit the Projects Controller.  GetProjectsList Method(Success)  
2022-07-01 17:46:04.8281 INFO Exit the Reports Controller.  GetAssignments Method(Success)  
2022-07-01 17:46:04.8490 INFO Exit the User Controller.  GetUserProfile Method(Success)  
2022-07-01 17:46:04.8590 INFO Exit the MainTask Controller.  GetMainTasks Method(Success)  
2022-07-01 17:46:04.8590 INFO Exit the Notification Controller.  NotificationCount Method(Success) 
2022-07-01 17:46:04.8693 INFO Exit the Notification Controller.  GetunReadNotification Method(Success)   
2022-07-01 17:46:07.3072 INFO Entering the Reports Controller.  GetAssignments Method   Arguments:: {"LoggedInUserId":-1,"ProjectId":-1,"SubTaskID":-1,"MainTaskID":-1,"FromDate":"2022-06-21T12:46:07.248Z","ToDate":null,"IsApproved":null}
2022-07-01 17:46:07.3231 INFO Exit the Reports Controller.  GetAssignments Method(Success)  
2022-07-01 17:46:07.8841 INFO Entering the Reports Controller.  GetAssignments Method   Arguments:: {"LoggedInUserId":-1,"ProjectId":-1,"SubTaskID":-1,"MainTaskID":-1,"FromDate":"2022-06-21T12:46:07.816Z","ToDate":null,"IsApproved":null}
2022-07-01 17:46:07.9030 INFO Exit the Reports Controller.  GetAssignments Method(Success)  
2022-07-01 17:46:08.3573 INFO Entering the Reports Controller.  GetAssignments Method   Arguments:: {"LoggedInUserId":-1,"ProjectId":-1,"SubTaskID":-1,"MainTaskID":-1,"FromDate":"2022-06-21T12:46:08.309Z","ToDate":null,"IsApproved":null}
2022-07-01 17:46:08.3743 INFO Exit the Reports Controller.  GetAssignments Method(Success)  
2022-07-01 17:46:08.5582 INFO Entering the Reports Controller.  GetAssignments Method   Arguments:: {"LoggedInUserId":-1,"ProjectId":-1,"SubTaskID":-1,"MainTaskID":-1,"FromDate":"2022-06-21T12:46:08.503Z","ToDate":null,"IsApproved":null}
2022-07-01 17:46:08.5831 INFO Exit the Reports Controller.  GetAssignments Method(Success)  
2022-07-01 17:46:08.7313 INFO Entering the Reports Controller.  GetAssignments Method   Arguments:: {"LoggedInUserId":-1,"ProjectId":-1,"SubTaskID":-1,"MainTaskID":-1,"FromDate":"2022-06-21T12:46:08.68Z","ToDate":null,"IsApproved":null}
2022-07-01 17:46:08.7473 INFO Exit the Reports Controller.  GetAssignments Method(Success)  
2022-07-01 17:46:08.9218 INFO Entering the Reports Controller.  GetAssignments Method   Arguments:: {"LoggedInUserId":-1,"ProjectId":-1,"SubTaskID":-1,"MainTaskID":-1,"FromDate":"2022-06-21T12:46:08.868Z","ToDate":null,"IsApproved":null}
2022-07-01 17:46:08.9587 INFO Exit the Reports Controller.  GetAssignments Method(Success)  
2022-07-01 17:46:09.2873 INFO Entering the Reports Controller.  GetAssignments Method   Arguments:: {"LoggedInUserId":-1,"ProjectId":-1,"SubTaskID":-1,"MainTaskID":-1,"FromDate":"2022-06-21T12:46:09.24Z","ToDate":null,"IsApproved":null}
2022-07-01 17:46:09.3062 INFO Exit the Reports Controller.  GetAssignments Method(Success)  
2022-07-01 17:46:09.4992 INFO Entering the Reports Controller.  GetAssignments Method   Arguments:: {"LoggedInUserId":-1,"ProjectId":-1,"SubTaskID":-1,"MainTaskID":-1,"FromDate":"2022-06-21T12:46:09.433Z","ToDate":null,"IsApproved":null}
2022-07-01 17:46:09.5241 INFO Exit the Reports Controller.  GetAssignments Method(Success)  
2022-07-01 17:46:09.6854 INFO Entering the Reports Controller.  GetAssignments Method   Arguments:: {"LoggedInUserId":-1,"ProjectId":-1,"SubTaskID":-1,"MainTaskID":-1,"FromDate":"2022-06-21T12:46:09.636Z","ToDate":null,"IsApproved":null}
2022-07-01 17:46:09.7026 INFO Exit the Reports Controller.  GetAssignments Method(Success)  
2022-07-01 17:46:09.9030 INFO Entering the Reports Controller.  GetAssignments Method   Arguments:: {"LoggedInUserId":-1,"ProjectId":-1,"SubTaskID":-1,"MainTaskID":-1,"FromDate":"2022-06-21T12:46:09.836Z","ToDate":null,"IsApproved":null}
2022-07-01 17:46:09.9241 INFO Exit the Reports Controller.  GetAssignments Method(Success)  
2022-07-01 17:46:10.2489 INFO Entering the Reports Controller.  GetAssignments Method   Arguments:: {"LoggedInUserId":-1,"ProjectId":-1,"SubTaskID":-1,"MainTaskID":-1,"FromDate":"2022-06-21T12:46:10.201Z","ToDate":null,"IsApproved":null}
2022-07-01 17:46:10.2679 INFO Exit the Reports Controller.  GetAssignments Method(Success)  
2022-07-01 17:46:10.4545 INFO Entering the Reports Controller.  GetAssignments Method   Arguments:: {"LoggedInUserId":-1,"ProjectId":-1,"SubTaskID":-1,"MainTaskID":-1,"FromDate":"2022-06-21T12:46:10.403Z","ToDate":null,"IsApproved":null}
2022-07-01 17:46:10.4734 INFO Exit the Reports Controller.  GetAssignments Method(Success)  
2022-07-01 17:46:10.6562 INFO Entering the Reports Controller.  GetAssignments Method   Arguments:: {"LoggedInUserId":-1,"ProjectId":-1,"SubTaskID":-1,"MainTaskID":-1,"FromDate":"2022-06-21T12:46:10.598Z","ToDate":null,"IsApproved":null}
2022-07-01 17:46:10.6723 INFO Exit the Reports Controller.  GetAssignments Method(Success)  
2022-07-01 17:46:16.3509 INFO Entering the Reports Controller.  GetAssignments Method   Arguments:: {"LoggedInUserId":51,"ProjectId":-1,"SubTaskID":0,"MainTaskID":0,"FromDate":"2022-06-21T12:46:10.598Z","ToDate":"2022-07-01T12:46:10.635Z","IsApproved":null}
2022-07-01 17:46:16.3659 INFO Exit the Reports Controller.  GetAssignments Method(Success)  
2022-07-01 17:46:17.8452 INFO Entering the Reports Controller.  GetAssignments Method   Arguments:: {"LoggedInUserId":51,"ProjectId":-1,"SubTaskID":-1,"MainTaskID":-1,"FromDate":"2022-06-21T12:46:17.796Z","ToDate":null,"IsApproved":null}
2022-07-01 17:46:17.8572 INFO Exit the Reports Controller.  GetAssignments Method(Success)  
2022-07-01 17:46:18.4526 INFO Entering the Reports Controller.  GetAssignments Method   Arguments:: {"LoggedInUserId":-1,"ProjectId":-1,"SubTaskID":-1,"MainTaskID":-1,"FromDate":"2022-06-21T12:46:18.404Z","ToDate":null,"IsApproved":null}
2022-07-01 17:46:18.4695 INFO Exit the Reports Controller.  GetAssignments Method(Success)  
2022-07-01 17:46:59.1482 INFO Entering the Reports Controller.  GetAssignments Method   Arguments:: {"LoggedInUserId":-1,"ProjectId":-1,"SubTaskID":-1,"MainTaskID":-1,"FromDate":"2022-06-21T12:46:59.083Z","ToDate":null,"IsApproved":null}
2022-07-01 17:46:59.1622 INFO Entering the MainTask Controller.  GetMainTasks Method   Arguments:: null
2022-07-01 17:46:59.1662 INFO Entering the Projects Controller.  GetProjects Method   Arguments:: {"ProjectName":""}
2022-07-01 17:46:59.1662 INFO Entering the User Controller.  GetUserProfile Method   Arguments:: {"UserID":0}
2022-07-01 17:46:59.1861 INFO Entering the ResourceMapping Controller.  GetResourceMappingList Method   Arguments::null
2022-07-01 17:46:59.1861 INFO Entering the Projects Controller.  GetProjectsList Method   Arguments:: null
2022-07-01 17:46:59.2111 INFO Exit the MainTask Controller.  GetMainTasks Method(Success)  
2022-07-01 17:46:59.2220 INFO Exit the Projects Controller.  GetProjectsList Method(Success)  
2022-07-01 17:46:59.2280 INFO Exit the User Controller.  GetUserProfile Method(Success)  
2022-07-01 17:46:59.2280 INFO Entering the User Controller.  GetUserProfile Method   Arguments:: {"UserID":0}
2022-07-01 17:46:59.2280 INFO Exit the Reports Controller.  GetAssignments Method(Success)  
2022-07-01 17:46:59.2280 INFO Entering the Notification Controller.  NotificationCount Method   Arguments:: {"UserId":"14"}
2022-07-01 17:46:59.2470 INFO Exit the ResourceMapping Controller.  GetResourceMappingList Method(Success)  
2022-07-01 17:46:59.2470 INFO Exit the Notification Controller.  NotificationCount Method(Success) 
2022-07-01 17:46:59.2470 INFO Entering the Notification Controller.  GetunReadNotification Method   Arguments:: {"UserId":"14"}
2022-07-01 17:46:59.2649 INFO Exit the User Controller.  GetUserProfile Method(Success)  
2022-07-01 17:46:59.2759 INFO Exit the Notification Controller.  GetunReadNotification Method(Success)   
2022-07-01 17:46:59.2759 INFO Exit the Projects Controller.  GetProjects Method(Success) 
2022-07-01 17:47:05.0229 INFO Entering the Reports Controller.  GetAssignments Method   Arguments:: {"LoggedInUserId":51,"ProjectId":-1,"SubTaskID":0,"MainTaskID":0,"FromDate":"2022-06-21T12:46:59.047Z","ToDate":"2022-07-01T12:46:59.047Z","IsApproved":null}
2022-07-01 17:47:05.0357 INFO Exit the Reports Controller.  GetAssignments Method(Success)  
2022-07-01 17:47:06.5897 INFO Entering the Reports Controller.  GetAssignments Method   Arguments:: {"LoggedInUserId":51,"ProjectId":-1,"SubTaskID":-1,"MainTaskID":-1,"FromDate":"2022-06-21T12:47:06.536Z","ToDate":null,"IsApproved":null}
2022-07-01 17:47:06.6039 INFO Exit the Reports Controller.  GetAssignments Method(Success)  
2022-07-01 17:47:07.4811 INFO Entering the Reports Controller.  GetAssignments Method   Arguments:: {"LoggedInUserId":51,"ProjectId":-1,"SubTaskID":-1,"MainTaskID":-1,"FromDate":"2022-06-21T12:47:07.424Z","ToDate":null,"IsApproved":null}
2022-07-01 17:47:07.4950 INFO Exit the Reports Controller.  GetAssignments Method(Success)  
2022-07-01 17:47:08.0774 INFO Entering the Reports Controller.  GetAssignments Method   Arguments:: {"LoggedInUserId":51,"ProjectId":-1,"SubTaskID":-1,"MainTaskID":-1,"FromDate":"2022-06-21T12:47:08.024Z","ToDate":null,"IsApproved":null}
2022-07-01 17:47:08.0917 INFO Exit the Reports Controller.  GetAssignments Method(Success)  
2022-07-01 17:47:08.3365 INFO Entering the Reports Controller.  GetAssignments Method   Arguments:: {"LoggedInUserId":51,"ProjectId":-1,"SubTaskID":-1,"MainTaskID":-1,"FromDate":"2022-06-21T12:47:08.282Z","ToDate":null,"IsApproved":null}
2022-07-01 17:47:08.3516 INFO Exit the Reports Controller.  GetAssignments Method(Success)  
2022-07-01 17:47:08.5637 INFO Entering the Reports Controller.  GetAssignments Method   Arguments:: {"LoggedInUserId":51,"ProjectId":-1,"SubTaskID":-1,"MainTaskID":-1,"FromDate":"2022-06-21T12:47:08.516Z","ToDate":null,"IsApproved":null}
2022-07-01 17:47:08.5767 INFO Exit the Reports Controller.  GetAssignments Method(Success)  
2022-07-01 17:47:08.7591 INFO Entering the Reports Controller.  GetAssignments Method   Arguments:: {"LoggedInUserId":51,"ProjectId":-1,"SubTaskID":-1,"MainTaskID":-1,"FromDate":"2022-06-21T12:47:08.704Z","ToDate":null,"IsApproved":null}
2022-07-01 17:47:08.7740 INFO Exit the Reports Controller.  GetAssignments Method(Success)  
2022-07-01 17:47:08.9788 INFO Entering the Reports Controller.  GetAssignments Method   Arguments:: {"LoggedInUserId":51,"ProjectId":-1,"SubTaskID":-1,"MainTaskID":-1,"FromDate":"2022-06-21T12:47:08.92Z","ToDate":null,"IsApproved":null}
2022-07-01 17:47:08.9788 INFO Exit the Reports Controller.  GetAssignments Method(Success)  
2022-07-01 17:47:09.3555 INFO Entering the Reports Controller.  GetAssignments Method   Arguments:: {"LoggedInUserId":51,"ProjectId":-1,"SubTaskID":-1,"MainTaskID":-1,"FromDate":"2022-06-21T12:47:09.304Z","ToDate":null,"IsApproved":null}
2022-07-01 17:47:09.3701 INFO Exit the Reports Controller.  GetAssignments Method(Success)  
2022-07-01 17:47:09.5842 INFO Entering the Reports Controller.  GetAssignments Method   Arguments:: {"LoggedInUserId":51,"ProjectId":-1,"SubTaskID":-1,"MainTaskID":-1,"FromDate":"2022-06-21T12:47:09.52Z","ToDate":null,"IsApproved":null}
2022-07-01 17:47:09.5982 INFO Exit the Reports Controller.  GetAssignments Method(Success)  
2022-07-01 17:47:09.8182 INFO Entering the Reports Controller.  GetAssignments Method   Arguments:: {"LoggedInUserId":51,"ProjectId":-1,"SubTaskID":-1,"MainTaskID":-1,"FromDate":"2022-06-21T12:47:09.769Z","ToDate":null,"IsApproved":null}
2022-07-01 17:47:09.8320 INFO Exit the Reports Controller.  GetAssignments Method(Success)  
2022-07-01 17:47:10.0549 INFO Entering the Reports Controller.  GetAssignments Method   Arguments:: {"LoggedInUserId":51,"ProjectId":-1,"SubTaskID":-1,"MainTaskID":-1,"FromDate":"2022-06-21T12:47:10Z","ToDate":null,"IsApproved":null}
2022-07-01 17:47:10.0677 INFO Exit the Reports Controller.  GetAssignments Method(Success)  
2022-07-01 17:47:10.2746 INFO Entering the Reports Controller.  GetAssignments Method   Arguments:: {"LoggedInUserId":51,"ProjectId":-1,"SubTaskID":-1,"MainTaskID":-1,"FromDate":"2022-06-21T12:47:10.216Z","ToDate":null,"IsApproved":null}
2022-07-01 17:47:10.2895 INFO Exit the Reports Controller.  GetAssignments Method(Success)  
2022-07-01 17:47:10.4849 INFO Entering the Reports Controller.  GetAssignments Method   Arguments:: {"LoggedInUserId":51,"ProjectId":-1,"SubTaskID":-1,"MainTaskID":-1,"FromDate":"2022-06-21T12:47:10.432Z","ToDate":null,"IsApproved":null}
2022-07-01 17:47:10.4979 INFO Exit the Reports Controller.  GetAssignments Method(Success)  
2022-07-01 17:47:10.6908 INFO Entering the Reports Controller.  GetAssignments Method   Arguments:: {"LoggedInUserId":51,"ProjectId":-1,"SubTaskID":-1,"MainTaskID":-1,"FromDate":"2022-06-21T12:47:10.636Z","ToDate":null,"IsApproved":null}
2022-07-01 17:47:10.7177 INFO Exit the Reports Controller.  GetAssignments Method(Success)  
2022-07-01 17:47:11.0851 INFO Entering the Reports Controller.  GetAssignments Method   Arguments:: {"LoggedInUserId":51,"ProjectId":-1,"SubTaskID":-1,"MainTaskID":-1,"FromDate":"2022-06-21T12:47:11.04Z","ToDate":null,"IsApproved":null}
2022-07-01 17:47:11.0991 INFO Exit the Reports Controller.  GetAssignments Method(Success)  
2022-07-01 17:47:11.2847 INFO Entering the Reports Controller.  GetAssignments Method   Arguments:: {"LoggedInUserId":51,"ProjectId":-1,"SubTaskID":-1,"MainTaskID":-1,"FromDate":"2022-06-21T12:47:11.24Z","ToDate":null,"IsApproved":null}
2022-07-01 17:47:11.2987 INFO Exit the Reports Controller.  GetAssignments Method(Success)  
2022-07-01 17:47:11.5039 INFO Entering the Reports Controller.  GetAssignments Method   Arguments:: {"LoggedInUserId":51,"ProjectId":-1,"SubTaskID":-1,"MainTaskID":-1,"FromDate":"2022-06-21T12:47:11.456Z","ToDate":null,"IsApproved":null}
2022-07-01 17:47:11.5188 INFO Exit the Reports Controller.  GetAssignments Method(Success)  
2022-07-01 17:47:11.7036 INFO Entering the Reports Controller.  GetAssignments Method   Arguments:: {"LoggedInUserId":51,"ProjectId":-1,"SubTaskID":-1,"MainTaskID":-1,"FromDate":"2022-06-21T12:47:11.656Z","ToDate":null,"IsApproved":null}
2022-07-01 17:47:11.7176 INFO Exit the Reports Controller.  GetAssignments Method(Success)  
2022-07-01 17:47:11.9050 INFO Entering the Reports Controller.  GetAssignments Method   Arguments:: {"LoggedInUserId":51,"ProjectId":-1,"SubTaskID":-1,"MainTaskID":-1,"FromDate":"2022-06-21T12:47:11.856Z","ToDate":null,"IsApproved":null}
2022-07-01 17:47:11.9189 INFO Exit the Reports Controller.  GetAssignments Method(Success)  
2022-07-01 17:47:12.1046 INFO Entering the Reports Controller.  GetAssignments Method   Arguments:: {"LoggedInUserId":51,"ProjectId":-1,"SubTaskID":-1,"MainTaskID":-1,"FromDate":"2022-06-21T12:47:12.06Z","ToDate":null,"IsApproved":null}
2022-07-01 17:47:12.1186 INFO Exit the Reports Controller.  GetAssignments Method(Success)  
2022-07-01 17:47:12.3066 INFO Entering the Reports Controller.  GetAssignments Method   Arguments:: {"LoggedInUserId":51,"ProjectId":-1,"SubTaskID":-1,"MainTaskID":-1,"FromDate":"2022-06-21T12:47:12.256Z","ToDate":null,"IsApproved":null}
2022-07-01 17:47:12.3066 INFO Exit the Reports Controller.  GetAssignments Method(Success)  
2022-07-01 17:47:17.8312 INFO Entering the Reports Controller.  GetAssignments Method   Arguments:: {"LoggedInUserId":-1,"ProjectId":-1,"SubTaskID":-1,"MainTaskID":-1,"FromDate":"2022-06-21T12:47:17.759Z","ToDate":null,"IsApproved":null}
2022-07-01 17:47:17.8442 INFO Entering the User Controller.  GetUserProfile Method   Arguments:: {"UserID":0}
2022-07-01 17:47:17.8442 INFO Entering the ResourceMapping Controller.  GetResourceMappingList Method   Arguments::null
2022-07-01 17:47:17.8582 INFO Entering the Notification Controller.  NotificationCount Method   Arguments:: {"UserId":"14"}
2022-07-01 17:47:17.8582 INFO Entering the Projects Controller.  GetProjects Method   Arguments:: {"ProjectName":""}
2022-07-01 17:47:17.8761 INFO Entering the MainTask Controller.  GetMainTasks Method   Arguments:: null
2022-07-01 17:47:17.8761 INFO Exit the User Controller.  GetUserProfile Method(Success)  
2022-07-01 17:47:17.8761 INFO Exit the Reports Controller.  GetAssignments Method(Success)  
2022-07-01 17:47:17.9031 INFO Entering the Projects Controller.  GetProjectsList Method   Arguments:: null
2022-07-01 17:47:17.9031 INFO Entering the User Controller.  GetUserProfile Method   Arguments:: {"UserID":0}
2022-07-01 17:47:17.9190 INFO Exit the User Controller.  GetUserProfile Method(Success)  
2022-07-01 17:47:17.9190 INFO Exit the Notification Controller.  NotificationCount Method(Success) 
2022-07-01 17:47:17.9190 INFO Exit the ResourceMapping Controller.  GetResourceMappingList Method(Success)  
2022-07-01 17:47:17.9190 INFO Entering the Notification Controller.  GetunReadNotification Method   Arguments:: {"UserId":"14"}
2022-07-01 17:47:17.9459 INFO Exit the Notification Controller.  GetunReadNotification Method(Success)   
2022-07-01 17:47:17.9489 INFO Exit the Projects Controller.  GetProjects Method(Success) 
2022-07-01 17:47:17.9489 INFO Exit the MainTask Controller.  GetMainTasks Method(Success)  
2022-07-01 17:47:17.9489 INFO Exit the Projects Controller.  GetProjectsList Method(Success)  
2022-07-01 17:47:26.8764 INFO Entering the Reports Controller.  GetAssignments Method   Arguments:: {"LoggedInUserId":51,"ProjectId":-1,"SubTaskID":0,"MainTaskID":0,"FromDate":"2022-06-21T12:47:17.726Z","ToDate":"2022-07-01T12:47:17.726Z","IsApproved":null}
2022-07-01 17:47:26.8914 INFO Exit the Reports Controller.  GetAssignments Method(Success)  
2022-07-01 17:47:28.3572 INFO Entering the Reports Controller.  GetAssignments Method   Arguments:: {"LoggedInUserId":51,"ProjectId":-1,"SubTaskID":-1,"MainTaskID":-1,"FromDate":"2022-06-21T12:47:28.304Z","ToDate":null,"IsApproved":null}
2022-07-01 17:47:28.3705 INFO Exit the Reports Controller.  GetAssignments Method(Success)  
2022-07-01 17:47:32.5218 INFO Entering the Reports Controller.  GetAssignments Method   Arguments:: {"LoggedInUserId":-1,"ProjectId":-1,"SubTaskID":-1,"MainTaskID":-1,"FromDate":"2022-06-21T12:47:32.464Z","ToDate":null,"IsApproved":null}
2022-07-01 17:47:32.5398 INFO Exit the Reports Controller.  GetAssignments Method(Success)  
2022-07-01 17:47:46.1673 INFO Entering the Reports Controller.  GetAssignments Method   Arguments:: {"LoggedInUserId":51,"ProjectId":-1,"SubTaskID":0,"MainTaskID":0,"FromDate":"2022-06-21T12:47:32.464Z","ToDate":"2022-07-01T12:47:32.498Z","IsApproved":null}
2022-07-01 17:47:46.1953 INFO Exit the Reports Controller.  GetAssignments Method(Success)  
2022-07-01 17:47:53.4772 INFO Entering the Reports Controller.  GetAssignments Method   Arguments:: {"LoggedInUserId":51,"ProjectId":-1,"SubTaskID":-1,"MainTaskID":-1,"FromDate":"2022-06-21T12:47:53.424Z","ToDate":null,"IsApproved":null}
2022-07-01 17:47:53.4892 INFO Exit the Reports Controller.  GetAssignments Method(Success)  
2022-07-01 17:47:54.1922 INFO Entering the Reports Controller.  GetAssignments Method   Arguments:: {"LoggedInUserId":-1,"ProjectId":-1,"SubTaskID":-1,"MainTaskID":-1,"FromDate":"2022-06-21T12:47:54.144Z","ToDate":null,"IsApproved":null}
2022-07-01 17:47:54.2072 INFO Exit the Reports Controller.  GetAssignments Method(Success)  
2022-07-01 17:55:35.3508 INFO Entering the Projects Controller.  GetProjects Method   Arguments:: {"ProjectName":""}
2022-07-01 17:55:35.3508 INFO Entering the Reports Controller.  GetAssignments Method   Arguments:: {"LoggedInUserId":-1,"ProjectId":-1,"SubTaskID":-1,"MainTaskID":-1,"FromDate":"2022-06-21T12:55:35.267Z","ToDate":null,"IsApproved":null}
2022-07-01 17:55:35.3508 INFO Entering the User Controller.  GetUserProfile Method   Arguments:: {"UserID":0}
2022-07-01 17:55:35.3568 INFO Entering the MainTask Controller.  GetMainTasks Method   Arguments:: null
2022-07-01 17:55:35.3737 INFO Entering the ResourceMapping Controller.  GetResourceMappingList Method   Arguments::null
2022-07-01 17:55:35.3877 INFO Entering the Projects Controller.  GetProjectsList Method   Arguments:: null
2022-07-01 17:55:35.5283 INFO Exit the ResourceMapping Controller.  GetResourceMappingList Method(Success)  
2022-07-01 17:55:35.5283 INFO Exit the User Controller.  GetUserProfile Method(Success)  
2022-07-01 17:55:35.5283 INFO Entering the User Controller.  GetUserProfile Method   Arguments:: {"UserID":0}
2022-07-01 17:55:35.5283 INFO Entering the Notification Controller.  GetunReadNotification Method   Arguments:: {"UserId":"14"}
2022-07-01 17:55:35.5483 INFO Exit the User Controller.  GetUserProfile Method(Success)  
2022-07-01 17:55:35.5592 INFO Entering the Notification Controller.  NotificationCount Method   Arguments:: {"UserId":"14"}
2022-07-01 17:55:35.5762 INFO Exit the MainTask Controller.  GetMainTasks Method(Success)  
2022-07-01 17:55:35.5762 INFO Exit the Projects Controller.  GetProjectsList Method(Success)  
2022-07-01 17:55:35.6101 INFO Exit the Projects Controller.  GetProjects Method(Success) 
2022-07-01 17:55:35.6340 INFO Exit the Notification Controller.  NotificationCount Method(Success) 
2022-07-01 17:55:35.6340 INFO Exit the Notification Controller.  GetunReadNotification Method(Success)   
2022-07-01 17:55:35.7647 INFO Exit the Reports Controller.  GetAssignments Method(Success)  
2022-07-01 17:55:37.9219 INFO Entering the Reports Controller.  GetAssignments Method   Arguments:: {"LoggedInUserId":-1,"ProjectId":-1,"SubTaskID":-1,"MainTaskID":-1,"FromDate":"2022-06-21T12:55:37.86Z","ToDate":null,"IsApproved":null}
2022-07-01 17:55:37.9379 INFO Exit the Reports Controller.  GetAssignments Method(Success)  
2022-07-01 17:55:45.7557 INFO Entering the Reports Controller.  GetAssignments Method   Arguments:: {"LoggedInUserId":0,"ProjectId":-1,"SubTaskID":-1,"MainTaskID":-1,"FromDate":"2022-06-21T12:55:45.684Z","ToDate":null,"IsApproved":null}
2022-07-01 17:55:45.7686 INFO Exit the Reports Controller.  GetAssignments Method(Success)  
2022-07-01 17:55:46.1729 INFO Entering the Reports Controller.  GetAssignments Method   Arguments:: {"LoggedInUserId":0,"ProjectId":-1,"SubTaskID":-1,"MainTaskID":-1,"FromDate":"2022-06-21T12:55:46.132Z","ToDate":null,"IsApproved":null}
2022-07-01 17:55:46.1854 INFO Exit the Reports Controller.  GetAssignments Method(Success)  
2022-07-01 17:55:46.5856 INFO Entering the Reports Controller.  GetAssignments Method   Arguments:: {"LoggedInUserId":0,"ProjectId":-1,"SubTaskID":-1,"MainTaskID":-1,"FromDate":"2022-06-21T12:55:46.549Z","ToDate":null,"IsApproved":null}
2022-07-01 17:55:46.5976 INFO Exit the Reports Controller.  GetAssignments Method(Success)  
2022-07-01 17:55:46.7782 INFO Entering the Reports Controller.  GetAssignments Method   Arguments:: {"LoggedInUserId":0,"ProjectId":-1,"SubTaskID":-1,"MainTaskID":-1,"FromDate":"2022-06-21T12:55:46.744Z","ToDate":null,"IsApproved":null}
2022-07-01 17:55:46.7912 INFO Exit the Reports Controller.  GetAssignments Method(Success)  
2022-07-01 17:55:46.9579 INFO Entering the Reports Controller.  GetAssignments Method   Arguments:: {"LoggedInUserId":0,"ProjectId":-1,"SubTaskID":-1,"MainTaskID":-1,"FromDate":"2022-06-21T12:55:46.923Z","ToDate":null,"IsApproved":null}
2022-07-01 17:55:46.9728 INFO Exit the Reports Controller.  GetAssignments Method(Success)  
2022-07-01 17:55:47.1325 INFO Entering the Reports Controller.  GetAssignments Method   Arguments:: {"LoggedInUserId":0,"ProjectId":-1,"SubTaskID":-1,"MainTaskID":-1,"FromDate":"2022-06-21T12:55:47.099Z","ToDate":null,"IsApproved":null}
2022-07-01 17:55:47.1436 INFO Exit the Reports Controller.  GetAssignments Method(Success)  
2022-07-01 17:55:47.3163 INFO Entering the Reports Controller.  GetAssignments Method   Arguments:: {"LoggedInUserId":0,"ProjectId":-1,"SubTaskID":-1,"MainTaskID":-1,"FromDate":"2022-06-21T12:55:47.276Z","ToDate":null,"IsApproved":null}
2022-07-01 17:55:47.3290 INFO Exit the Reports Controller.  GetAssignments Method(Success)  
2022-07-01 17:55:47.4836 INFO Entering the Reports Controller.  GetAssignments Method   Arguments:: {"LoggedInUserId":0,"ProjectId":-1,"SubTaskID":-1,"MainTaskID":-1,"FromDate":"2022-06-21T12:55:47.445Z","ToDate":null,"IsApproved":null}
2022-07-01 17:55:47.4955 INFO Exit the Reports Controller.  GetAssignments Method(Success)  
2022-07-01 17:55:47.6609 INFO Entering the Reports Controller.  GetAssignments Method   Arguments:: {"LoggedInUserId":0,"ProjectId":-1,"SubTaskID":-1,"MainTaskID":-1,"FromDate":"2022-06-21T12:55:47.625Z","ToDate":null,"IsApproved":null}
2022-07-01 17:55:47.6729 INFO Exit the Reports Controller.  GetAssignments Method(Success)  
2022-07-01 17:55:47.8476 INFO Entering the Reports Controller.  GetAssignments Method   Arguments:: {"LoggedInUserId":0,"ProjectId":-1,"SubTaskID":-1,"MainTaskID":-1,"FromDate":"2022-06-21T12:55:47.812Z","ToDate":null,"IsApproved":null}
2022-07-01 17:55:47.8585 INFO Exit the Reports Controller.  GetAssignments Method(Success)  
2022-07-01 17:55:48.0119 INFO Entering the Reports Controller.  GetAssignments Method   Arguments:: {"LoggedInUserId":0,"ProjectId":-1,"SubTaskID":-1,"MainTaskID":-1,"FromDate":"2022-06-21T12:55:47.972Z","ToDate":null,"IsApproved":null}
2022-07-01 17:55:48.0119 INFO Exit the Reports Controller.  GetAssignments Method(Success)  
2022-07-01 17:55:50.2114 INFO Entering the Reports Controller.  GetAssignments Method   Arguments:: {"LoggedInUserId":-1,"ProjectId":-1,"SubTaskID":-1,"MainTaskID":-1,"FromDate":"2022-06-21T12:55:50.161Z","ToDate":null,"IsApproved":null}
2022-07-01 17:55:50.2294 INFO Entering the MainTask Controller.  GetMainTasks Method   Arguments:: null
2022-07-01 17:55:50.2294 INFO Entering the User Controller.  GetUserProfile Method   Arguments:: {"UserID":0}
2022-07-01 17:55:50.2294 INFO Entering the Projects Controller.  GetProjects Method   Arguments:: {"ProjectName":""}
2022-07-01 17:55:50.2294 INFO Entering the ResourceMapping Controller.  GetResourceMappingList Method   Arguments::null
2022-07-01 17:55:50.2493 INFO Exit the Reports Controller.  GetAssignments Method(Success)  
2022-07-01 17:55:50.2493 INFO Exit the ResourceMapping Controller.  GetResourceMappingList Method(Success)  
2022-07-01 17:55:50.2693 INFO Entering the User Controller.  GetUserProfile Method   Arguments:: {"UserID":0}
2022-07-01 17:55:50.2693 INFO Entering the Notification Controller.  NotificationCount Method   Arguments:: {"UserId":"14"}
2022-07-01 17:55:50.2773 INFO Entering the Projects Controller.  GetProjectsList Method   Arguments:: null
2022-07-01 17:55:50.2773 INFO Exit the Projects Controller.  GetProjects Method(Success) 
2022-07-01 17:55:50.2992 INFO Exit the User Controller.  GetUserProfile Method(Success)  
2022-07-01 17:55:50.3082 INFO Entering the Notification Controller.  GetunReadNotification Method   Arguments:: {"UserId":"14"}
2022-07-01 17:55:50.3251 INFO Exit the User Controller.  GetUserProfile Method(Success)  
2022-07-01 17:55:50.3381 INFO Exit the Projects Controller.  GetProjectsList Method(Success)  
2022-07-01 17:55:50.3381 INFO Exit the Notification Controller.  GetunReadNotification Method(Success)   
2022-07-01 17:55:50.3381 INFO Exit the Notification Controller.  NotificationCount Method(Success) 
2022-07-01 17:55:50.3381 INFO Exit the MainTask Controller.  GetMainTasks Method(Success)  
2022-07-01 17:55:52.0767 INFO Entering the Reports Controller.  GetAssignments Method   Arguments:: {"LoggedInUserId":-1,"ProjectId":-1,"SubTaskID":-1,"MainTaskID":-1,"FromDate":"2022-06-21T12:55:52.013Z","ToDate":null,"IsApproved":null}
2022-07-01 17:55:52.0947 INFO Exit the Reports Controller.  GetAssignments Method(Success)  
2022-07-01 17:55:58.3228 INFO Entering the Reports Controller.  GetAssignments Method   Arguments:: {"LoggedInUserId":51,"ProjectId":-1,"SubTaskID":0,"MainTaskID":0,"FromDate":"2022-06-21T12:55:52.013Z","ToDate":"2022-07-01T12:55:52.05Z","IsApproved":null}
2022-07-01 17:55:58.3377 INFO Exit the Reports Controller.  GetAssignments Method(Success)  
2022-07-01 17:55:59.4279 INFO Entering the Reports Controller.  GetAssignments Method   Arguments:: {"LoggedInUserId":51,"ProjectId":-1,"SubTaskID":-1,"MainTaskID":-1,"FromDate":"2022-06-21T12:55:59.372Z","ToDate":null,"IsApproved":null}
2022-07-01 17:55:59.4418 INFO Exit the Reports Controller.  GetAssignments Method(Success)  
2022-07-01 17:56:00.6470 INFO Entering the Reports Controller.  GetAssignments Method   Arguments:: {"LoggedInUserId":0,"ProjectId":-1,"SubTaskID":-1,"MainTaskID":-1,"FromDate":"2022-06-21T12:56:00.588Z","ToDate":null,"IsApproved":null}
2022-07-01 17:56:00.6607 INFO Exit the Reports Controller.  GetAssignments Method(Success)  
2022-07-01 17:56:07.4565 INFO Entering the Reports Controller.  GetAssignments Method   Arguments:: {"LoggedInUserId":-1,"ProjectId":-1,"SubTaskID":-1,"MainTaskID":-1,"FromDate":"2022-06-21T12:56:07.394Z","ToDate":null,"IsApproved":null}
2022-07-01 17:56:07.4635 INFO Entering the MainTask Controller.  GetMainTasks Method   Arguments:: null
2022-07-01 17:56:07.4635 INFO Entering the User Controller.  GetUserProfile Method   Arguments:: {"UserID":0}
2022-07-01 17:56:07.4635 INFO Entering the Projects Controller.  GetProjectsList Method   Arguments:: null
2022-07-01 17:56:07.4635 INFO Entering the ResourceMapping Controller.  GetResourceMappingList Method   Arguments::null
2022-07-01 17:56:07.4635 INFO Entering the Projects Controller.  GetProjects Method   Arguments:: {"ProjectName":""}
2022-07-01 17:56:07.5114 INFO Exit the User Controller.  GetUserProfile Method(Success)  
2022-07-01 17:56:07.5114 INFO Exit the Reports Controller.  GetAssignments Method(Success)  
2022-07-01 17:56:07.5363 INFO Exit the ResourceMapping Controller.  GetResourceMappingList Method(Success)  
2022-07-01 17:56:07.5363 INFO Exit the Projects Controller.  GetProjectsList Method(Success)  
2022-07-01 17:56:07.5363 INFO Entering the Notification Controller.  NotificationCount Method   Arguments:: {"UserId":"14"}
2022-07-01 17:56:07.5423 INFO Exit the MainTask Controller.  GetMainTasks Method(Success)  
2022-07-01 17:56:07.5593 INFO Entering the User Controller.  GetUserProfile Method   Arguments:: {"UserID":0}
2022-07-01 17:56:07.5593 INFO Entering the Notification Controller.  GetunReadNotification Method   Arguments:: {"UserId":"14"}
2022-07-01 17:56:07.5593 INFO Exit the Projects Controller.  GetProjects Method(Success) 
2022-07-01 17:56:07.5842 INFO Exit the Notification Controller.  NotificationCount Method(Success) 
2022-07-01 17:56:07.5892 INFO Exit the Notification Controller.  GetunReadNotification Method(Success)   
2022-07-01 17:56:07.5892 INFO Exit the User Controller.  GetUserProfile Method(Success)  
2022-07-01 17:56:52.8136 INFO Entering the Reports Controller.  GetAssignments Method   Arguments:: {"LoggedInUserId":-1,"ProjectId":-1,"SubTaskID":-1,"MainTaskID":-1,"FromDate":"2022-06-21T12:56:52.75Z","ToDate":null,"IsApproved":null}
2022-07-01 17:56:52.8136 INFO Entering the Projects Controller.  GetProjects Method   Arguments:: {"ProjectName":""}
2022-07-01 17:56:52.8136 INFO Entering the MainTask Controller.  GetMainTasks Method   Arguments:: null
2022-07-01 17:56:52.8236 INFO Entering the User Controller.  GetUserProfile Method   Arguments:: {"UserID":0}
2022-07-01 17:56:52.8236 INFO Entering the Projects Controller.  GetProjectsList Method   Arguments:: null
2022-07-01 17:56:52.8406 INFO Entering the ResourceMapping Controller.  GetResourceMappingList Method   Arguments::null
2022-07-01 17:56:53.0249 INFO Exit the Projects Controller.  GetProjectsList Method(Success)  
2022-07-01 17:56:53.0249 INFO Exit the ResourceMapping Controller.  GetResourceMappingList Method(Success)  
2022-07-01 17:56:53.0429 INFO Exit the User Controller.  GetUserProfile Method(Success)  
2022-07-01 17:56:53.0569 INFO Exit the MainTask Controller.  GetMainTasks Method(Success)  
2022-07-01 17:56:53.0569 INFO Entering the Notification Controller.  GetunReadNotification Method   Arguments:: {"UserId":"14"}
2022-07-01 17:56:53.0718 INFO Entering the User Controller.  GetUserProfile Method   Arguments:: {"UserID":0}
2022-07-01 17:56:53.0718 INFO Entering the Notification Controller.  NotificationCount Method   Arguments:: {"UserId":"14"}
2022-07-01 17:56:53.0878 INFO Exit the Projects Controller.  GetProjects Method(Success) 
2022-07-01 17:56:53.1147 INFO Exit the Reports Controller.  GetAssignments Method(Success)  
2022-07-01 17:56:53.1147 INFO Exit the Notification Controller.  NotificationCount Method(Success) 
2022-07-01 17:56:53.1187 INFO Exit the Notification Controller.  GetunReadNotification Method(Success)   
2022-07-01 17:56:53.1187 INFO Exit the User Controller.  GetUserProfile Method(Success)  
2022-07-01 17:56:55.5084 INFO Entering the Reports Controller.  GetAssignments Method   Arguments:: {"LoggedInUserId":-1,"ProjectId":-1,"SubTaskID":-1,"MainTaskID":-1,"FromDate":"2022-06-21T12:56:55.451Z","ToDate":null,"IsApproved":null}
2022-07-01 17:56:55.5273 INFO Exit the Reports Controller.  GetAssignments Method(Success)  
2022-07-01 17:56:55.8991 INFO Entering the Reports Controller.  GetAssignments Method   Arguments:: {"LoggedInUserId":-1,"ProjectId":-1,"SubTaskID":-1,"MainTaskID":-1,"FromDate":"2022-06-21T12:56:55.835Z","ToDate":null,"IsApproved":null}
2022-07-01 17:56:55.9160 INFO Exit the Reports Controller.  GetAssignments Method(Success)  
2022-07-01 17:56:56.3525 INFO Entering the Reports Controller.  GetAssignments Method   Arguments:: {"LoggedInUserId":-1,"ProjectId":-1,"SubTaskID":-1,"MainTaskID":-1,"FromDate":"2022-06-21T12:56:56.3Z","ToDate":null,"IsApproved":null}
2022-07-01 17:56:56.3715 INFO Exit the Reports Controller.  GetAssignments Method(Success)  
2022-07-01 17:56:56.5458 INFO Entering the Reports Controller.  GetAssignments Method   Arguments:: {"LoggedInUserId":-1,"ProjectId":-1,"SubTaskID":-1,"MainTaskID":-1,"FromDate":"2022-06-21T12:56:56.492Z","ToDate":null,"IsApproved":null}
2022-07-01 17:56:56.5628 INFO Exit the Reports Controller.  GetAssignments Method(Success)  
2022-07-01 17:56:56.7145 INFO Entering the Reports Controller.  GetAssignments Method   Arguments:: {"LoggedInUserId":-1,"ProjectId":-1,"SubTaskID":-1,"MainTaskID":-1,"FromDate":"2022-06-21T12:56:56.659Z","ToDate":null,"IsApproved":null}
2022-07-01 17:56:56.7314 INFO Exit the Reports Controller.  GetAssignments Method(Success)  
2022-07-01 17:56:56.8814 INFO Entering the Reports Controller.  GetAssignments Method   Arguments:: {"LoggedInUserId":-1,"ProjectId":-1,"SubTaskID":-1,"MainTaskID":-1,"FromDate":"2022-06-21T12:56:56.828Z","ToDate":null,"IsApproved":null}
2022-07-01 17:56:56.8983 INFO Exit the Reports Controller.  GetAssignments Method(Success)  
2022-07-01 17:56:57.0615 INFO Entering the Reports Controller.  GetAssignments Method   Arguments:: {"LoggedInUserId":-1,"ProjectId":-1,"SubTaskID":-1,"MainTaskID":-1,"FromDate":"2022-06-21T12:56:57.013Z","ToDate":null,"IsApproved":null}
2022-07-01 17:56:57.0784 INFO Exit the Reports Controller.  GetAssignments Method(Success)  
2022-07-01 17:57:02.4947 INFO Entering the Reports Controller.  GetAssignments Method   Arguments:: {"LoggedInUserId":51,"ProjectId":-1,"SubTaskID":0,"MainTaskID":0,"FromDate":"2022-06-21T12:56:57.013Z","ToDate":"2022-07-01T12:56:57.041Z","IsApproved":null}
2022-07-01 17:57:02.5117 INFO Exit the Reports Controller.  GetAssignments Method(Success)  
2022-07-01 17:57:03.3869 INFO Entering the Reports Controller.  GetAssignments Method   Arguments:: {"LoggedInUserId":51,"ProjectId":-1,"SubTaskID":-1,"MainTaskID":-1,"FromDate":"2022-06-21T12:57:03.339Z","ToDate":null,"IsApproved":null}
2022-07-01 17:57:03.4008 INFO Exit the Reports Controller.  GetAssignments Method(Success)  
2022-07-01 17:57:03.9525 INFO Entering the Reports Controller.  GetAssignments Method   Arguments:: {"LoggedInUserId":-1,"ProjectId":-1,"SubTaskID":-1,"MainTaskID":-1,"FromDate":"2022-06-21T12:57:03.899Z","ToDate":null,"IsApproved":null}
2022-07-01 17:57:03.9684 INFO Exit the Reports Controller.  GetAssignments Method(Success)  
2022-07-01 17:57:04.2057 INFO Entering the Reports Controller.  GetAssignments Method   Arguments:: {"LoggedInUserId":-1,"ProjectId":-1,"SubTaskID":-1,"MainTaskID":-1,"FromDate":"2022-06-21T12:57:04.155Z","ToDate":null,"IsApproved":null}
2022-07-01 17:57:04.2224 INFO Exit the Reports Controller.  GetAssignments Method(Success)  
2022-07-01 17:57:15.9935 INFO Entering the Reports Controller.  GetAssignments Method   Arguments:: {"LoggedInUserId":-1,"ProjectId":-1,"SubTaskID":-1,"MainTaskID":-1,"FromDate":"2022-06-21T12:57:15.926Z","ToDate":null,"IsApproved":null}
2022-07-01 17:57:16.0004 INFO Entering the MainTask Controller.  GetMainTasks Method   Arguments:: null
2022-07-01 17:57:16.0004 INFO Entering the User Controller.  GetUserProfile Method   Arguments:: {"UserID":0}
2022-07-01 17:57:16.0004 INFO Entering the Projects Controller.  GetProjects Method   Arguments:: {"ProjectName":""}
2022-07-01 17:57:16.0114 INFO Entering the Projects Controller.  GetProjectsList Method   Arguments:: null
2022-07-01 17:57:16.0114 INFO Entering the ResourceMapping Controller.  GetResourceMappingList Method   Arguments::null
2022-07-01 17:57:16.0543 INFO Exit the ResourceMapping Controller.  GetResourceMappingList Method(Success)  
2022-07-01 17:57:16.0663 INFO Entering the User Controller.  GetUserProfile Method   Arguments:: {"UserID":0}
2022-07-01 17:57:16.0663 INFO Exit the User Controller.  GetUserProfile Method(Success)  
2022-07-01 17:57:16.0742 INFO Exit the MainTask Controller.  GetMainTasks Method(Success)  
2022-07-01 17:57:16.0742 INFO Exit the Reports Controller.  GetAssignments Method(Success)  
2022-07-01 17:57:16.0962 INFO Exit the User Controller.  GetUserProfile Method(Success)  
2022-07-01 17:57:16.1036 INFO Entering the Notification Controller.  GetunReadNotification Method   Arguments:: {"UserId":"14"}
2022-07-01 17:57:16.1036 INFO Entering the Notification Controller.  NotificationCount Method   Arguments:: {"UserId":"14"}
2022-07-01 17:57:16.1036 INFO Exit the Projects Controller.  GetProjectsList Method(Success)  
2022-07-01 17:57:16.1036 INFO Exit the Projects Controller.  GetProjects Method(Success) 
2022-07-01 17:57:16.1036 INFO Exit the Notification Controller.  NotificationCount Method(Success) 
2022-07-01 17:57:16.1251 INFO Exit the Notification Controller.  GetunReadNotification Method(Success)   
2022-07-01 17:57:23.3850 INFO Entering the Reports Controller.  GetAssignments Method   Arguments:: {"LoggedInUserId":-1,"ProjectId":-1,"SubTaskID":-1,"MainTaskID":-1,"FromDate":"2022-06-21T12:57:23.303Z","ToDate":null,"IsApproved":null}
2022-07-01 17:57:23.3850 INFO Entering the Projects Controller.  GetProjects Method   Arguments:: {"ProjectName":""}
2022-07-01 17:57:23.4339 INFO Exit the Projects Controller.  GetProjects Method(Success) 
2022-07-01 17:57:23.4489 INFO Entering the MainTask Controller.  GetMainTasks Method   Arguments:: null
2022-07-01 17:57:23.4678 INFO Entering the ResourceMapping Controller.  GetResourceMappingList Method   Arguments::null
2022-07-01 17:57:23.4678 INFO Entering the Projects Controller.  GetProjectsList Method   Arguments:: null
2022-07-01 17:57:23.4678 INFO Exit the MainTask Controller.  GetMainTasks Method(Success)  
2022-07-01 17:57:23.4678 INFO Exit the Reports Controller.  GetAssignments Method(Success)  
2022-07-01 17:57:23.5655 INFO Entering the User Controller.  GetUserProfile Method   Arguments:: {"UserID":0}
2022-07-01 17:57:23.5775 INFO Entering the User Controller.  GetUserProfile Method   Arguments:: {"UserID":0}
2022-07-01 17:57:23.5775 INFO Exit the Projects Controller.  GetProjectsList Method(Success)  
2022-07-01 17:57:23.5775 INFO Entering the Notification Controller.  GetunReadNotification Method   Arguments:: {"UserId":"14"}
2022-07-01 17:57:23.5925 INFO Exit the User Controller.  GetUserProfile Method(Success)  
2022-07-01 17:57:23.6164 INFO Exit the Notification Controller.  GetunReadNotification Method(Success)   
2022-07-01 17:57:23.6274 INFO Exit the User Controller.  GetUserProfile Method(Success)  
2022-07-01 17:57:23.6274 INFO Exit the ResourceMapping Controller.  GetResourceMappingList Method(Success)  
2022-07-01 17:57:23.6374 INFO Entering the Notification Controller.  NotificationCount Method   Arguments:: {"UserId":"14"}
2022-07-01 17:57:23.6374 INFO Exit the Notification Controller.  NotificationCount Method(Success) 
2022-07-01 17:57:28.8454 INFO Entering the Reports Controller.  GetAssignments Method   Arguments:: {"LoggedInUserId":51,"ProjectId":-1,"SubTaskID":0,"MainTaskID":0,"FromDate":"2022-06-21T12:57:23.264Z","ToDate":"2022-07-01T12:57:23.264Z","IsApproved":null}
2022-07-01 17:57:28.8604 INFO Exit the Reports Controller.  GetAssignments Method(Success)  
2022-07-01 17:57:29.7920 INFO Entering the Reports Controller.  GetAssignments Method   Arguments:: {"LoggedInUserId":51,"ProjectId":-1,"SubTaskID":-1,"MainTaskID":-1,"FromDate":"2022-06-21T12:57:29.731Z","ToDate":null,"IsApproved":null}
2022-07-01 17:57:29.7920 INFO Exit the Reports Controller.  GetAssignments Method(Success)  
2022-07-01 17:57:30.6967 INFO Entering the Reports Controller.  GetAssignments Method   Arguments:: {"LoggedInUserId":-1,"ProjectId":-1,"SubTaskID":-1,"MainTaskID":-1,"FromDate":"2022-06-21T12:57:30.644Z","ToDate":null,"IsApproved":null}
2022-07-01 17:57:30.7146 INFO Exit the Reports Controller.  GetAssignments Method(Success)  
2022-07-01 17:57:45.3363 INFO Entering the Reports Controller.  GetAssignments Method   Arguments:: {"LoggedInUserId":-1,"ProjectId":-1,"SubTaskID":-1,"MainTaskID":-1,"FromDate":"2022-06-21T12:57:45.27Z","ToDate":null,"IsApproved":null}
2022-07-01 17:57:45.3363 INFO Entering the Projects Controller.  GetProjects Method   Arguments:: {"ProjectName":""}
2022-07-01 17:57:45.3383 INFO Entering the MainTask Controller.  GetMainTasks Method   Arguments:: null
2022-07-01 17:57:45.3652 INFO Entering the Projects Controller.  GetProjectsList Method   Arguments:: null
2022-07-01 17:57:45.3692 INFO Entering the User Controller.  GetUserProfile Method   Arguments:: {"UserID":0}
2022-07-01 17:57:45.3871 INFO Entering the ResourceMapping Controller.  GetResourceMappingList Method   Arguments::null
2022-07-01 17:57:45.4300 INFO Exit the User Controller.  GetUserProfile Method(Success)  
2022-07-01 17:57:45.4320 INFO Exit the Reports Controller.  GetAssignments Method(Success)  
2022-07-01 17:57:45.4320 INFO Entering the User Controller.  GetUserProfile Method   Arguments:: {"UserID":0}
2022-07-01 17:57:45.4320 INFO Exit the ResourceMapping Controller.  GetResourceMappingList Method(Success)  
2022-07-01 17:57:45.4470 INFO Entering the Notification Controller.  NotificationCount Method   Arguments:: {"UserId":"14"}
2022-07-01 17:57:45.4470 INFO Exit the User Controller.  GetUserProfile Method(Success)  
2022-07-01 17:57:45.4470 INFO Exit the MainTask Controller.  GetMainTasks Method(Success)  
2022-07-01 17:57:45.4470 INFO Exit the Projects Controller.  GetProjectsList Method(Success)  
2022-07-01 17:57:45.4639 INFO Entering the Notification Controller.  GetunReadNotification Method   Arguments:: {"UserId":"14"}
2022-07-01 17:57:45.4639 INFO Exit the Notification Controller.  NotificationCount Method(Success) 
2022-07-01 17:57:45.4639 INFO Exit the Notification Controller.  GetunReadNotification Method(Success)   
2022-07-01 17:57:45.4819 INFO Exit the Projects Controller.  GetProjects Method(Success) 
2022-07-01 17:58:35.9557 INFO Entering the Reports Controller.  GetAssignments Method   Arguments:: {"LoggedInUserId":-1,"ProjectId":-1,"SubTaskID":-1,"MainTaskID":-1,"FromDate":"2022-06-21T12:58:35.878Z","ToDate":null,"IsApproved":null}
2022-07-01 17:58:35.9647 INFO Entering the ResourceMapping Controller.  GetResourceMappingList Method   Arguments::null
2022-07-01 17:58:35.9647 INFO Entering the User Controller.  GetUserProfile Method   Arguments:: {"UserID":0}
2022-07-01 17:58:35.9647 INFO Entering the Projects Controller.  GetProjectsList Method   Arguments:: null
2022-07-01 17:58:35.9986 INFO Exit the User Controller.  GetUserProfile Method(Success)  
2022-07-01 17:58:35.9986 INFO Entering the MainTask Controller.  GetMainTasks Method   Arguments:: null
2022-07-01 17:58:36.0145 INFO Entering the User Controller.  GetUserProfile Method   Arguments:: {"UserID":0}
2022-07-01 17:58:36.0275 INFO Exit the Projects Controller.  GetProjectsList Method(Success)  
2022-07-01 17:58:36.0275 INFO Entering the Projects Controller.  GetProjects Method   Arguments:: {"ProjectName":""}
2022-07-01 17:58:36.0275 INFO Entering the Notification Controller.  NotificationCount Method   Arguments:: {"UserId":"14"}
2022-07-01 17:58:36.0275 INFO Exit the User Controller.  GetUserProfile Method(Success)  
2022-07-01 17:58:36.0454 INFO Exit the MainTask Controller.  GetMainTasks Method(Success)  
2022-07-01 17:58:36.0454 INFO Exit the Reports Controller.  GetAssignments Method(Success)  
2022-07-01 17:58:36.0684 INFO Exit the Projects Controller.  GetProjects Method(Success) 
2022-07-01 17:58:36.0684 INFO Exit the ResourceMapping Controller.  GetResourceMappingList Method(Success)  
2022-07-01 17:58:36.0684 INFO Exit the Notification Controller.  NotificationCount Method(Success) 
2022-07-01 17:58:36.0768 INFO Entering the Notification Controller.  GetunReadNotification Method   Arguments:: {"UserId":"14"}
2022-07-01 17:58:36.0878 INFO Exit the Notification Controller.  GetunReadNotification Method(Success)   
2022-07-01 17:58:41.5051 INFO Entering the Reports Controller.  GetAssignments Method   Arguments:: {"LoggedInUserId":-1,"ProjectId":2154,"SubTaskID":0,"MainTaskID":0,"FromDate":"2022-06-21T12:58:35.844Z","ToDate":"2022-07-01T12:58:35.844Z","IsApproved":null}
2022-07-01 17:58:41.6806 INFO Exit the Reports Controller.  GetAssignments Method(Success)  
2022-07-01 17:58:42.8538 INFO Entering the Reports Controller.  GetAssignments Method   Arguments:: {"LoggedInUserId":-1,"ProjectId":-1,"SubTaskID":-1,"MainTaskID":-1,"FromDate":"2022-06-21T12:58:42.796Z","ToDate":null,"IsApproved":null}
2022-07-01 17:58:42.9373 INFO Exit the Reports Controller.  GetAssignments Method(Success)  
2022-07-01 17:58:50.6280 INFO Entering the Reports Controller.  GetAssignments Method   Arguments:: {"LoggedInUserId":51,"ProjectId":-1,"SubTaskID":0,"MainTaskID":0,"FromDate":"2022-06-21T12:58:42.796Z","ToDate":"2022-07-01T12:58:42.833Z","IsApproved":null}
2022-07-01 17:58:50.6429 INFO Exit the Reports Controller.  GetAssignments Method(Success)  
2022-07-01 17:58:54.9782 INFO Entering the Reports Controller.  GetAssignments Method   Arguments:: {"LoggedInUserId":51,"ProjectId":-1,"SubTaskID":-1,"MainTaskID":-1,"FromDate":"2022-06-21T12:58:54.923Z","ToDate":null,"IsApproved":null}
2022-07-01 17:58:54.9782 INFO Exit the Reports Controller.  GetAssignments Method(Success)  
2022-07-01 17:58:56.3047 INFO Entering the Reports Controller.  GetAssignments Method   Arguments:: {"LoggedInUserId":-1,"ProjectId":-1,"SubTaskID":-1,"MainTaskID":-1,"FromDate":"2022-06-21T12:58:56.245Z","ToDate":null,"IsApproved":null}
2022-07-01 17:58:56.3230 INFO Exit the Reports Controller.  GetAssignments Method(Success)  
